   1               		.file	"keymap_minorca.c"
   2               	__SREG__ = 0x3f
   3               	__SP_H__ = 0x3e
   4               	__SP_L__ = 0x3d
   5               	__CCP__  = 0x34
   6               	__tmp_reg__ = 0
   7               	__zero_reg__ = 1
  15               	.Ltext0:
  16               	.global	keymaps
  17               		.section	.progmem.data,"a",@progbits
  20               	keymaps:
  21 0000 29        		.byte	41
  22 0001 14        		.byte	20
  23 0002 1A        		.byte	26
  24 0003 08        		.byte	8
  25 0004 15        		.byte	21
  26 0005 17        		.byte	23
  27 0006 1C        		.byte	28
  28 0007 18        		.byte	24
  29 0008 0C        		.byte	12
  30 0009 12        		.byte	18
  31 000a 13        		.byte	19
  32 000b 2A        		.byte	42
  33 000c 00        		.skip 1,0
  34 000d 2B        		.byte	43
  35 000e 04        		.byte	4
  36 000f 16        		.byte	22
  37 0010 07        		.byte	7
  38 0011 09        		.byte	9
  39 0012 0A        		.byte	10
  40 0013 0B        		.byte	11
  41 0014 0D        		.byte	13
  42 0015 0E        		.byte	14
  43 0016 0F        		.byte	15
  44 0017 00        		.byte	0
  45 0018 28        		.byte	40
  46 0019 00        		.skip 1,0
  47 001a E0        		.byte	-32
  48 001b 00        		.byte	0
  49 001c 1D        		.byte	29
  50 001d 1B        		.byte	27
  51 001e 06        		.byte	6
  52 001f 19        		.byte	25
  53 0020 05        		.byte	5
  54 0021 11        		.byte	17
  55 0022 10        		.byte	16
  56 0023 36        		.byte	54
  57 0024 37        		.byte	55
  58 0025 38        		.byte	56
  59 0026 00        		.skip 1,0
  60 0027 E1        		.byte	-31
  61 0028 E2        		.byte	-30
  62 0029 00        		.byte	0
  63 002a C2        		.byte	-62
  64 002b 2C        		.byte	44
  65 002c 00        		.byte	0
  66 002d 2C        		.byte	44
  67 002e 00        		.byte	0
  68 002f 00        		.byte	0
  69 0030 C0        		.byte	-64
  70 0031 34        		.byte	52
  71 0032 C1        		.byte	-63
  72 0033 00        		.skip 1,0
  73 0034 29        		.byte	41
  74 0035 14        		.byte	20
  75 0036 1A        		.byte	26
  76 0037 09        		.byte	9
  77 0038 13        		.byte	19
  78 0039 0A        		.byte	10
  79 003a 0D        		.byte	13
  80 003b 0F        		.byte	15
  81 003c 18        		.byte	24
  82 003d 1C        		.byte	28
  83 003e E7        		.byte	-25
  84 003f 2A        		.byte	42
  85 0040 00        		.skip 1,0
  86 0041 2A        		.byte	42
  87 0042 04        		.byte	4
  88 0043 15        		.byte	21
  89 0044 16        		.byte	22
  90 0045 17        		.byte	23
  91 0046 07        		.byte	7
  92 0047 0B        		.byte	11
  93 0048 11        		.byte	17
  94 0049 08        		.byte	8
  95 004a 0C        		.byte	12
  96 004b 00        		.byte	0
  97 004c 12        		.byte	18
  98 004d 00        		.skip 1,0
  99 004e E1        		.byte	-31
 100 004f 00        		.byte	0
 101 0050 1D        		.byte	29
 102 0051 1B        		.byte	27
 103 0052 06        		.byte	6
 104 0053 19        		.byte	25
 105 0054 05        		.byte	5
 106 0055 0E        		.byte	14
 107 0056 10        		.byte	16
 108 0057 36        		.byte	54
 109 0058 37        		.byte	55
 110 0059 38        		.byte	56
 111 005a 00        		.skip 1,0
 112 005b E0        		.byte	-32
 113 005c E2        		.byte	-30
 114 005d 00        		.byte	0
 115 005e C2        		.byte	-62
 116 005f 2C        		.byte	44
 117 0060 00        		.byte	0
 118 0061 39        		.byte	57
 119 0062 00        		.byte	0
 120 0063 00        		.byte	0
 121 0064 C0        		.byte	-64
 122 0065 34        		.byte	52
 123 0066 C1        		.byte	-63
 124 0067 00        		.skip 1,0
 125 0068 35        		.byte	53
 126 0069 34        		.byte	52
 127 006a 36        		.byte	54
 128 006b 37        		.byte	55
 129 006c 13        		.byte	19
 130 006d 1C        		.byte	28
 131 006e 09        		.byte	9
 132 006f 0A        		.byte	10
 133 0070 06        		.byte	6
 134 0071 15        		.byte	21
 135 0072 0F        		.byte	15
 136 0073 2A        		.byte	42
 137 0074 00        		.skip 1,0
 138 0075 2B        		.byte	43
 139 0076 04        		.byte	4
 140 0077 12        		.byte	18
 141 0078 08        		.byte	8
 142 0079 18        		.byte	24
 143 007a 0C        		.byte	12
 144 007b 07        		.byte	7
 145 007c 0B        		.byte	11
 146 007d 17        		.byte	23
 147 007e 11        		.byte	17
 148 007f 00        		.byte	0
 149 0080 16        		.byte	22
 150 0081 00        		.skip 1,0
 151 0082 E1        		.byte	-31
 152 0083 00        		.byte	0
 153 0084 33        		.byte	51
 154 0085 14        		.byte	20
 155 0086 0D        		.byte	13
 156 0087 0E        		.byte	14
 157 0088 1B        		.byte	27
 158 0089 05        		.byte	5
 159 008a 10        		.byte	16
 160 008b 1A        		.byte	26
 161 008c 19        		.byte	25
 162 008d 1D        		.byte	29
 163 008e 00        		.skip 1,0
 164 008f E0        		.byte	-32
 165 0090 E2        		.byte	-30
 166 0091 00        		.byte	0
 167 0092 C2        		.byte	-62
 168 0093 2C        		.byte	44
 169 0094 00        		.byte	0
 170 0095 4C        		.byte	76
 171 0096 00        		.byte	0
 172 0097 00        		.byte	0
 173 0098 C0        		.byte	-64
 174 0099 34        		.byte	52
 175 009a C1        		.byte	-63
 176 009b 00        		.skip 1,0
 177 009c 35        		.byte	53
 178 009d 14        		.byte	20
 179 009e 1A        		.byte	26
 180 009f 08        		.byte	8
 181 00a0 15        		.byte	21
 182 00a1 17        		.byte	23
 183 00a2 1C        		.byte	28
 184 00a3 18        		.byte	24
 185 00a4 0C        		.byte	12
 186 00a5 12        		.byte	18
 187 00a6 13        		.byte	19
 188 00a7 4C        		.byte	76
 189 00a8 00        		.skip 1,0
 190 00a9 2B        		.byte	43
 191 00aa 04        		.byte	4
 192 00ab 16        		.byte	22
 193 00ac 07        		.byte	7
 194 00ad 09        		.byte	9
 195 00ae 0A        		.byte	10
 196 00af 0B        		.byte	11
 197 00b0 0D        		.byte	13
 198 00b1 0E        		.byte	14
 199 00b2 0F        		.byte	15
 200 00b3 00        		.byte	0
 201 00b4 28        		.byte	40
 202 00b5 00        		.skip 1,0
 203 00b6 E0        		.byte	-32
 204 00b7 00        		.byte	0
 205 00b8 1D        		.byte	29
 206 00b9 1B        		.byte	27
 207 00ba 06        		.byte	6
 208 00bb 19        		.byte	25
 209 00bc 05        		.byte	5
 210 00bd 11        		.byte	17
 211 00be 10        		.byte	16
 212 00bf 36        		.byte	54
 213 00c0 37        		.byte	55
 214 00c1 38        		.byte	56
 215 00c2 00        		.skip 1,0
 216 00c3 E1        		.byte	-31
 217 00c4 E2        		.byte	-30
 218 00c5 00        		.byte	0
 219 00c6 C2        		.byte	-62
 220 00c7 39        		.byte	57
 221 00c8 00        		.byte	0
 222 00c9 2C        		.byte	44
 223 00ca 00        		.byte	0
 224 00cb 00        		.byte	0
 225 00cc C0        		.byte	-64
 226 00cd 34        		.byte	52
 227 00ce C1        		.byte	-63
 228 00cf 00        		.skip 1,0
 229 00d0 29        		.byte	41
 230 00d1 14        		.byte	20
 231 00d2 1A        		.byte	26
 232 00d3 08        		.byte	8
 233 00d4 15        		.byte	21
 234 00d5 17        		.byte	23
 235 00d6 1C        		.byte	28
 236 00d7 18        		.byte	24
 237 00d8 0C        		.byte	12
 238 00d9 12        		.byte	18
 239 00da 13        		.byte	19
 240 00db 2A        		.byte	42
 241 00dc 00        		.skip 1,0
 242 00dd 2B        		.byte	43
 243 00de 04        		.byte	4
 244 00df 16        		.byte	22
 245 00e0 07        		.byte	7
 246 00e1 09        		.byte	9
 247 00e2 0A        		.byte	10
 248 00e3 0B        		.byte	11
 249 00e4 0D        		.byte	13
 250 00e5 0E        		.byte	14
 251 00e6 0F        		.byte	15
 252 00e7 00        		.byte	0
 253 00e8 28        		.byte	40
 254 00e9 00        		.skip 1,0
 255 00ea E1        		.byte	-31
 256 00eb 00        		.byte	0
 257 00ec 1D        		.byte	29
 258 00ed 1B        		.byte	27
 259 00ee 06        		.byte	6
 260 00ef 19        		.byte	25
 261 00f0 05        		.byte	5
 262 00f1 11        		.byte	17
 263 00f2 10        		.byte	16
 264 00f3 36        		.byte	54
 265 00f4 37        		.byte	55
 266 00f5 38        		.byte	56
 267 00f6 00        		.skip 1,0
 268 00f7 E0        		.byte	-32
 269 00f8 E2        		.byte	-30
 270 00f9 00        		.byte	0
 271 00fa C2        		.byte	-62
 272 00fb 2C        		.byte	44
 273 00fc 00        		.byte	0
 274 00fd 2C        		.byte	44
 275 00fe 00        		.byte	0
 276 00ff 00        		.byte	0
 277 0100 C0        		.byte	-64
 278 0101 34        		.byte	52
 279 0102 C1        		.byte	-63
 280 0103 00        		.skip 1,0
 281 0104 29        		.byte	41
 282 0105 01        		.byte	1
 283 0106 01        		.byte	1
 284 0107 01        		.byte	1
 285 0108 01        		.byte	1
 286 0109 01        		.byte	1
 287 010a 01        		.byte	1
 288 010b 01        		.byte	1
 289 010c 01        		.byte	1
 290 010d 01        		.byte	1
 291 010e 01        		.byte	1
 292 010f 01        		.byte	1
 293 0110 00        		.skip 1,0
 294 0111 01        		.byte	1
 295 0112 01        		.byte	1
 296 0113 01        		.byte	1
 297 0114 01        		.byte	1
 298 0115 01        		.byte	1
 299 0116 01        		.byte	1
 300 0117 01        		.byte	1
 301 0118 01        		.byte	1
 302 0119 01        		.byte	1
 303 011a 01        		.byte	1
 304 011b 00        		.byte	0
 305 011c 01        		.byte	1
 306 011d 00        		.skip 1,0
 307 011e 01        		.byte	1
 308 011f 00        		.byte	0
 309 0120 01        		.byte	1
 310 0121 01        		.byte	1
 311 0122 01        		.byte	1
 312 0123 01        		.byte	1
 313 0124 01        		.byte	1
 314 0125 01        		.byte	1
 315 0126 01        		.byte	1
 316 0127 50        		.byte	80
 317 0128 52        		.byte	82
 318 0129 4F        		.byte	79
 319 012a 00        		.skip 1,0
 320 012b 01        		.byte	1
 321 012c 01        		.byte	1
 322 012d 00        		.byte	0
 323 012e C2        		.byte	-62
 324 012f C9        		.byte	-55
 325 0130 00        		.byte	0
 326 0131 01        		.byte	1
 327 0132 00        		.byte	0
 328 0133 00        		.byte	0
 329 0134 C0        		.byte	-64
 330 0135 51        		.byte	81
 331 0136 C1        		.byte	-63
 332 0137 00        		.skip 1,0
 333 0138 35        		.byte	53
 334 0139 1E        		.byte	30
 335 013a 1F        		.byte	31
 336 013b 20        		.byte	32
 337 013c 21        		.byte	33
 338 013d 22        		.byte	34
 339 013e 23        		.byte	35
 340 013f 24        		.byte	36
 341 0140 25        		.byte	37
 342 0141 26        		.byte	38
 343 0142 27        		.byte	39
 344 0143 4C        		.byte	76
 345 0144 00        		.skip 1,0
 346 0145 39        		.byte	57
 347 0146 4A        		.byte	74
 348 0147 01        		.byte	1
 349 0148 01        		.byte	1
 350 0149 4B        		.byte	75
 351 014a 4A        		.byte	74
 352 014b 2D        		.byte	45
 353 014c 2E        		.byte	46
 354 014d 2F        		.byte	47
 355 014e 30        		.byte	48
 356 014f 00        		.byte	0
 357 0150 28        		.byte	40
 358 0151 00        		.skip 1,0
 359 0152 01        		.byte	1
 360 0153 00        		.byte	0
 361 0154 4D        		.byte	77
 362 0155 C9        		.byte	-55
 363 0156 49        		.byte	73
 364 0157 4E        		.byte	78
 365 0158 4D        		.byte	77
 366 0159 33        		.byte	51
 367 015a 31        		.byte	49
 368 015b 50        		.byte	80
 369 015c 52        		.byte	82
 370 015d 4F        		.byte	79
 371 015e 00        		.skip 1,0
 372 015f 01        		.byte	1
 373 0160 01        		.byte	1
 374 0161 00        		.byte	0
 375 0162 C2        		.byte	-62
 376 0163 E0        		.byte	-32
 377 0164 00        		.byte	0
 378 0165 2C        		.byte	44
 379 0166 00        		.byte	0
 380 0167 00        		.byte	0
 381 0168 C0        		.byte	-64
 382 0169 51        		.byte	81
 383 016a E5        		.byte	-27
 384 016b 00        		.skip 1,0
 385 016c C5        		.byte	-59
 386 016d C6        		.byte	-58
 387 016e C7        		.byte	-57
 388 016f C8        		.byte	-56
 389 0170 C3        		.byte	-61
 390 0171 01        		.byte	1
 391 0172 01        		.byte	1
 392 0173 01        		.byte	1
 393 0174 01        		.byte	1
 394 0175 4B        		.byte	75
 395 0176 4A        		.byte	74
 396 0177 29        		.byte	41
 397 0178 00        		.skip 1,0
 398 0179 4B        		.byte	75
 399 017a C5        		.byte	-59
 400 017b C8        		.byte	-56
 401 017c E1        		.byte	-31
 402 017d E5        		.byte	-27
 403 017e 48        		.byte	72
 404 017f DD        		.byte	-35
 405 0180 DC        		.byte	-36
 406 0181 4E        		.byte	78
 407 0182 4D        		.byte	77
 408 0183 00        		.byte	0
 409 0184 49        		.byte	73
 410 0185 00        		.skip 1,0
 411 0186 4E        		.byte	78
 412 0187 00        		.byte	0
 413 0188 CB        		.byte	-53
 414 0189 C7        		.byte	-57
 415 018a C6        		.byte	-58
 416 018b E3        		.byte	-29
 417 018c 0F        		.byte	15
 418 018d 01        		.byte	1
 419 018e 01        		.byte	1
 420 018f 50        		.byte	80
 421 0190 52        		.byte	82
 422 0191 4F        		.byte	79
 423 0192 00        		.skip 1,0
 424 0193 DE        		.byte	-34
 425 0194 DF        		.byte	-33
 426 0195 00        		.byte	0
 427 0196 C2        		.byte	-62
 428 0197 CC        		.byte	-52
 429 0198 00        		.byte	0
 430 0199 CD        		.byte	-51
 431 019a 00        		.byte	0
 432 019b 00        		.byte	0
 433 019c CE        		.byte	-50
 434 019d 51        		.byte	81
 435 019e 01        		.byte	1
 436 019f 00        		.skip 1,0
 437 01a0 29        		.byte	41
 438 01a1 14        		.byte	20
 439 01a2 1A        		.byte	26
 440 01a3 08        		.byte	8
 441 01a4 15        		.byte	21
 442 01a5 17        		.byte	23
 443 01a6 1C        		.byte	28
 444 01a7 18        		.byte	24
 445 01a8 0C        		.byte	12
 446 01a9 12        		.byte	18
 447 01aa 13        		.byte	19
 448 01ab 2A        		.byte	42
 449 01ac 00        		.skip 1,0
 450 01ad 2B        		.byte	43
 451 01ae 04        		.byte	4
 452 01af 16        		.byte	22
 453 01b0 07        		.byte	7
 454 01b1 09        		.byte	9
 455 01b2 0A        		.byte	10
 456 01b3 0B        		.byte	11
 457 01b4 0D        		.byte	13
 458 01b5 0E        		.byte	14
 459 01b6 0F        		.byte	15
 460 01b7 00        		.byte	0
 461 01b8 28        		.byte	40
 462 01b9 00        		.skip 1,0
 463 01ba E3        		.byte	-29
 464 01bb 00        		.byte	0
 465 01bc 1D        		.byte	29
 466 01bd 1B        		.byte	27
 467 01be 06        		.byte	6
 468 01bf 19        		.byte	25
 469 01c0 05        		.byte	5
 470 01c1 11        		.byte	17
 471 01c2 10        		.byte	16
 472 01c3 36        		.byte	54
 473 01c4 37        		.byte	55
 474 01c5 38        		.byte	56
 475 01c6 00        		.skip 1,0
 476 01c7 E1        		.byte	-31
 477 01c8 E0        		.byte	-32
 478 01c9 00        		.byte	0
 479 01ca E2        		.byte	-30
 480 01cb 2C        		.byte	44
 481 01cc 00        		.byte	0
 482 01cd 2C        		.byte	44
 483 01ce 00        		.byte	0
 484 01cf 00        		.byte	0
 485 01d0 C0        		.byte	-64
 486 01d1 34        		.byte	52
 487 01d2 CE        		.byte	-50
 488 01d3 00        		.skip 1,0
 489 01d4 52        		.byte	82
 490 01d5 1E        		.byte	30
 491 01d6 1F        		.byte	31
 492 01d7 20        		.byte	32
 493 01d8 21        		.byte	33
 494 01d9 22        		.byte	34
 495 01da 23        		.byte	35
 496 01db 24        		.byte	36
 497 01dc 25        		.byte	37
 498 01dd 26        		.byte	38
 499 01de 27        		.byte	39
 500 01df 4C        		.byte	76
 501 01e0 00        		.skip 1,0
 502 01e1 4F        		.byte	79
 503 01e2 4A        		.byte	74
 504 01e3 4B        		.byte	75
 505 01e4 01        		.byte	1
 506 01e5 4B        		.byte	75
 507 01e6 4A        		.byte	74
 508 01e7 2D        		.byte	45
 509 01e8 2E        		.byte	46
 510 01e9 2F        		.byte	47
 511 01ea 30        		.byte	48
 512 01eb 00        		.byte	0
 513 01ec 28        		.byte	40
 514 01ed 00        		.skip 1,0
 515 01ee 50        		.byte	80
 516 01ef 00        		.byte	0
 517 01f0 4D        		.byte	77
 518 01f1 4E        		.byte	78
 519 01f2 49        		.byte	73
 520 01f3 4E        		.byte	78
 521 01f4 4D        		.byte	77
 522 01f5 33        		.byte	51
 523 01f6 31        		.byte	49
 524 01f7 50        		.byte	80
 525 01f8 52        		.byte	82
 526 01f9 4F        		.byte	79
 527 01fa 00        		.skip 1,0
 528 01fb 51        		.byte	81
 529 01fc DF        		.byte	-33
 530 01fd 00        		.byte	0
 531 01fe C2        		.byte	-62
 532 01ff E0        		.byte	-32
 533 0200 00        		.byte	0
 534 0201 2C        		.byte	44
 535 0202 00        		.byte	0
 536 0203 00        		.byte	0
 537 0204 C0        		.byte	-64
 538 0205 51        		.byte	81
 539 0206 C1        		.byte	-63
 540 0207 00        		.skip 1,0
 541               	.global	fn_actions
 544               	fn_actions:
 545 0208 F1A6      		.word	-22799
 546 020a 228A      		.word	-30174
 547 020c F1A7      		.word	-22543
 548 020e F3A0      		.word	-24333
 549 0210 0000      		.skip 2,0
 550 0212 018C      		.word	-29695
 551 0214 028C      		.word	-29694
 552 0216 048C      		.word	-29692
 553 0218 088C      		.word	-29688
 554 021a 218A      		.word	-30175
 555 021c 0000      		.skip 2,0
 556 021e 018C      		.word	-29695
 557 0220 F3A0      		.word	-24333
 558 0222 F3A4      		.word	-23309
 559 0224 218A      		.word	-30175
 560 0226 0000 0000 		.skip 30,0
 560      0000 0000 
 560      0000 0000 
 560      0000 0000 
 560      0000 0000 
 561 0244 4C05      		.word	1356
 562 0246 F1A9      		.word	-22031
 563               		.text
 564               	.Letext0:
DEFINED SYMBOLS
                            *ABS*:00000000 keymap_minorca.c
C:\Users\owner\AppData\Local\Temp/ccXTqCAe.s:2      *ABS*:0000003f __SREG__
C:\Users\owner\AppData\Local\Temp/ccXTqCAe.s:3      *ABS*:0000003e __SP_H__
C:\Users\owner\AppData\Local\Temp/ccXTqCAe.s:4      *ABS*:0000003d __SP_L__
C:\Users\owner\AppData\Local\Temp/ccXTqCAe.s:5      *ABS*:00000034 __CCP__
C:\Users\owner\AppData\Local\Temp/ccXTqCAe.s:6      *ABS*:00000000 __tmp_reg__
C:\Users\owner\AppData\Local\Temp/ccXTqCAe.s:7      *ABS*:00000001 __zero_reg__
C:\Users\owner\AppData\Local\Temp/ccXTqCAe.s:20     .progmem.data:00000000 keymaps
C:\Users\owner\AppData\Local\Temp/ccXTqCAe.s:544    .progmem.data:00000208 fn_actions

NO UNDEFINED SYMBOLS
