   1               		.file	"keymap_sebright.c"
   2               	__SREG__ = 0x3f
   3               	__SP_H__ = 0x3e
   4               	__SP_L__ = 0x3d
   5               	__CCP__  = 0x34
   6               	__tmp_reg__ = 0
   7               	__zero_reg__ = 1
  15               	.Ltext0:
  16               	.global	keymaps
  17               		.section	.progmem.data,"a",@progbits
  20               	keymaps:
  21 0000 29        		.byte	41
  22 0001 14        		.byte	20
  23 0002 1A        		.byte	26
  24 0003 08        		.byte	8
  25 0004 15        		.byte	21
  26 0005 17        		.byte	23
  27 0006 1C        		.byte	28
  28 0007 18        		.byte	24
  29 0008 0C        		.byte	12
  30 0009 12        		.byte	18
  31 000a 13        		.byte	19
  32 000b 2A        		.byte	42
  33 000c 2B        		.byte	43
  34 000d 04        		.byte	4
  35 000e 16        		.byte	22
  36 000f 07        		.byte	7
  37 0010 09        		.byte	9
  38 0011 0A        		.byte	10
  39 0012 0B        		.byte	11
  40 0013 0D        		.byte	13
  41 0014 0E        		.byte	14
  42 0015 0F        		.byte	15
  43 0016 00        		.byte	0
  44 0017 28        		.byte	40
  45 0018 E0        		.byte	-32
  46 0019 00        		.byte	0
  47 001a 1D        		.byte	29
  48 001b 1B        		.byte	27
  49 001c 06        		.byte	6
  50 001d 19        		.byte	25
  51 001e 05        		.byte	5
  52 001f 11        		.byte	17
  53 0020 10        		.byte	16
  54 0021 33        		.byte	51
  55 0022 C1        		.byte	-63
  56 0023 C0        		.byte	-64
  57 0024 00        		.byte	0
  58 0025 E1        		.byte	-31
  59 0026 E2        		.byte	-30
  60 0027 00        		.byte	0
  61 0028 C2        		.byte	-62
  62 0029 2C        		.byte	44
  63 002a 00        		.byte	0
  64 002b 36        		.byte	54
  65 002c 37        		.byte	55
  66 002d 34        		.byte	52
  67 002e 38        		.byte	56
  68 002f 00        		.byte	0
  69 0030 29        		.byte	41
  70 0031 01        		.byte	1
  71 0032 01        		.byte	1
  72 0033 01        		.byte	1
  73 0034 01        		.byte	1
  74 0035 01        		.byte	1
  75 0036 01        		.byte	1
  76 0037 01        		.byte	1
  77 0038 01        		.byte	1
  78 0039 01        		.byte	1
  79 003a 01        		.byte	1
  80 003b 01        		.byte	1
  81 003c 01        		.byte	1
  82 003d 01        		.byte	1
  83 003e 01        		.byte	1
  84 003f 01        		.byte	1
  85 0040 01        		.byte	1
  86 0041 01        		.byte	1
  87 0042 01        		.byte	1
  88 0043 01        		.byte	1
  89 0044 01        		.byte	1
  90 0045 01        		.byte	1
  91 0046 00        		.byte	0
  92 0047 01        		.byte	1
  93 0048 01        		.byte	1
  94 0049 00        		.byte	0
  95 004a 01        		.byte	1
  96 004b 01        		.byte	1
  97 004c 01        		.byte	1
  98 004d 01        		.byte	1
  99 004e 01        		.byte	1
 100 004f 01        		.byte	1
 101 0050 01        		.byte	1
 102 0051 01        		.byte	1
 103 0052 C1        		.byte	-63
 104 0053 C0        		.byte	-64
 105 0054 00        		.byte	0
 106 0055 01        		.byte	1
 107 0056 01        		.byte	1
 108 0057 00        		.byte	0
 109 0058 C2        		.byte	-62
 110 0059 01        		.byte	1
 111 005a 00        		.byte	0
 112 005b 50        		.byte	80
 113 005c 52        		.byte	82
 114 005d 51        		.byte	81
 115 005e 4F        		.byte	79
 116 005f 00        		.byte	0
 117 0060 35        		.byte	53
 118 0061 1E        		.byte	30
 119 0062 1F        		.byte	31
 120 0063 20        		.byte	32
 121 0064 21        		.byte	33
 122 0065 22        		.byte	34
 123 0066 23        		.byte	35
 124 0067 24        		.byte	36
 125 0068 25        		.byte	37
 126 0069 26        		.byte	38
 127 006a 27        		.byte	39
 128 006b 4C        		.byte	76
 129 006c 39        		.byte	57
 130 006d 4A        		.byte	74
 131 006e 01        		.byte	1
 132 006f 01        		.byte	1
 133 0070 4B        		.byte	75
 134 0071 4A        		.byte	74
 135 0072 2D        		.byte	45
 136 0073 2E        		.byte	46
 137 0074 2F        		.byte	47
 138 0075 30        		.byte	48
 139 0076 00        		.byte	0
 140 0077 28        		.byte	40
 141 0078 01        		.byte	1
 142 0079 00        		.byte	0
 143 007a 4D        		.byte	77
 144 007b C9        		.byte	-55
 145 007c 49        		.byte	73
 146 007d 4E        		.byte	78
 147 007e 4D        		.byte	77
 148 007f 33        		.byte	51
 149 0080 31        		.byte	49
 150 0081 33        		.byte	51
 151 0082 C1        		.byte	-63
 152 0083 C0        		.byte	-64
 153 0084 00        		.byte	0
 154 0085 01        		.byte	1
 155 0086 01        		.byte	1
 156 0087 00        		.byte	0
 157 0088 C2        		.byte	-62
 158 0089 2C        		.byte	44
 159 008a 00        		.byte	0
 160 008b 50        		.byte	80
 161 008c 52        		.byte	82
 162 008d 51        		.byte	81
 163 008e 4F        		.byte	79
 164 008f 00        		.byte	0
 165 0090 29        		.byte	41
 166 0091 1E        		.byte	30
 167 0092 1F        		.byte	31
 168 0093 20        		.byte	32
 169 0094 21        		.byte	33
 170 0095 22        		.byte	34
 171 0096 23        		.byte	35
 172 0097 24        		.byte	36
 173 0098 25        		.byte	37
 174 0099 26        		.byte	38
 175 009a 27        		.byte	39
 176 009b 4C        		.byte	76
 177 009c 4A        		.byte	74
 178 009d 21        		.byte	33
 179 009e 22        		.byte	34
 180 009f 23        		.byte	35
 181 00a0 4B        		.byte	75
 182 00a1 C3        		.byte	-61
 183 00a2 C4        		.byte	-60
 184 00a3 C5        		.byte	-59
 185 00a4 08        		.byte	8
 186 00a5 0C        		.byte	12
 187 00a6 00        		.byte	0
 188 00a7 C7        		.byte	-57
 189 00a8 4D        		.byte	77
 190 00a9 00        		.byte	0
 191 00aa 24        		.byte	36
 192 00ab 25        		.byte	37
 193 00ac 26        		.byte	38
 194 00ad 4E        		.byte	78
 195 00ae 46        		.byte	70
 196 00af 0E        		.byte	14
 197 00b0 10        		.byte	16
 198 00b1 33        		.byte	51
 199 00b2 C1        		.byte	-63
 200 00b3 C0        		.byte	-64
 201 00b4 00        		.byte	0
 202 00b5 E1        		.byte	-31
 203 00b6 27        		.byte	39
 204 00b7 00        		.byte	0
 205 00b8 C2        		.byte	-62
 206 00b9 C6        		.byte	-58
 207 00ba 00        		.byte	0
 208 00bb 50        		.byte	80
 209 00bc 52        		.byte	82
 210 00bd 51        		.byte	81
 211 00be 4F        		.byte	79
 212 00bf 00        		.byte	0
 213 00c0 29        		.byte	41
 214 00c1 14        		.byte	20
 215 00c2 1A        		.byte	26
 216 00c3 08        		.byte	8
 217 00c4 15        		.byte	21
 218 00c5 17        		.byte	23
 219 00c6 1C        		.byte	28
 220 00c7 18        		.byte	24
 221 00c8 0C        		.byte	12
 222 00c9 12        		.byte	18
 223 00ca 13        		.byte	19
 224 00cb 2A        		.byte	42
 225 00cc 2B        		.byte	43
 226 00cd 04        		.byte	4
 227 00ce 16        		.byte	22
 228 00cf 07        		.byte	7
 229 00d0 09        		.byte	9
 230 00d1 0A        		.byte	10
 231 00d2 0B        		.byte	11
 232 00d3 0D        		.byte	13
 233 00d4 0E        		.byte	14
 234 00d5 0F        		.byte	15
 235 00d6 00        		.byte	0
 236 00d7 28        		.byte	40
 237 00d8 E1        		.byte	-31
 238 00d9 00        		.byte	0
 239 00da 1D        		.byte	29
 240 00db 1B        		.byte	27
 241 00dc 06        		.byte	6
 242 00dd 19        		.byte	25
 243 00de 05        		.byte	5
 244 00df 11        		.byte	17
 245 00e0 10        		.byte	16
 246 00e1 33        		.byte	51
 247 00e2 C1        		.byte	-63
 248 00e3 C0        		.byte	-64
 249 00e4 00        		.byte	0
 250 00e5 E0        		.byte	-32
 251 00e6 E2        		.byte	-30
 252 00e7 00        		.byte	0
 253 00e8 C2        		.byte	-62
 254 00e9 2C        		.byte	44
 255 00ea 00        		.byte	0
 256 00eb 36        		.byte	54
 257 00ec 37        		.byte	55
 258 00ed 34        		.byte	52
 259 00ee 38        		.byte	56
 260 00ef 00        		.byte	0
 261 00f0 29        		.byte	41
 262 00f1 14        		.byte	20
 263 00f2 1A        		.byte	26
 264 00f3 08        		.byte	8
 265 00f4 15        		.byte	21
 266 00f5 17        		.byte	23
 267 00f6 1C        		.byte	28
 268 00f7 18        		.byte	24
 269 00f8 0C        		.byte	12
 270 00f9 12        		.byte	18
 271 00fa 13        		.byte	19
 272 00fb 2A        		.byte	42
 273 00fc 2B        		.byte	43
 274 00fd 04        		.byte	4
 275 00fe 16        		.byte	22
 276 00ff E1        		.byte	-31
 277 0100 E5        		.byte	-27
 278 0101 48        		.byte	72
 279 0102 0B        		.byte	11
 280 0103 0D        		.byte	13
 281 0104 0E        		.byte	14
 282 0105 0F        		.byte	15
 283 0106 00        		.byte	0
 284 0107 28        		.byte	40
 285 0108 E0        		.byte	-32
 286 0109 00        		.byte	0
 287 010a 1D        		.byte	29
 288 010b 1B        		.byte	27
 289 010c 06        		.byte	6
 290 010d 19        		.byte	25
 291 010e 05        		.byte	5
 292 010f 11        		.byte	17
 293 0110 10        		.byte	16
 294 0111 33        		.byte	51
 295 0112 C1        		.byte	-63
 296 0113 C0        		.byte	-64
 297 0114 00        		.byte	0
 298 0115 E1        		.byte	-31
 299 0116 E2        		.byte	-30
 300 0117 00        		.byte	0
 301 0118 C2        		.byte	-62
 302 0119 2C        		.byte	44
 303 011a 00        		.byte	0
 304 011b 36        		.byte	54
 305 011c 37        		.byte	55
 306 011d 34        		.byte	52
 307 011e 38        		.byte	56
 308 011f 00        		.byte	0
 309               	.global	fn_actions
 312               	fn_actions:
 313 0120 F1A2      		.word	-23823
 314 0122 028A      		.word	-30206
 315 0124 088A      		.word	-30200
 316 0126 218A      		.word	-30175
 317 0128 048A      		.word	-30204
 318 012a F3A0      		.word	-24333
 319 012c F3A0      		.word	-24333
 320 012e 228A      		.word	-30174
 321               		.text
 322               	.Letext0:
DEFINED SYMBOLS
                            *ABS*:00000000 keymap_sebright.c
C:\Users\owner\AppData\Local\Temp/ccOksJ1P.s:2      *ABS*:0000003f __SREG__
C:\Users\owner\AppData\Local\Temp/ccOksJ1P.s:3      *ABS*:0000003e __SP_H__
C:\Users\owner\AppData\Local\Temp/ccOksJ1P.s:4      *ABS*:0000003d __SP_L__
C:\Users\owner\AppData\Local\Temp/ccOksJ1P.s:5      *ABS*:00000034 __CCP__
C:\Users\owner\AppData\Local\Temp/ccOksJ1P.s:6      *ABS*:00000000 __tmp_reg__
C:\Users\owner\AppData\Local\Temp/ccOksJ1P.s:7      *ABS*:00000001 __zero_reg__
C:\Users\owner\AppData\Local\Temp/ccOksJ1P.s:20     .progmem.data:00000000 keymaps
C:\Users\owner\AppData\Local\Temp/ccOksJ1P.s:312    .progmem.data:00000120 fn_actions

NO UNDEFINED SYMBOLS
