   1               		.file	"lufa.c"
   2               	__SREG__ = 0x3f
   3               	__SP_H__ = 0x3e
   4               	__SP_L__ = 0x3d
   5               	__CCP__  = 0x34
   6               	__tmp_reg__ = 0
   7               	__zero_reg__ = 1
  15               	.Ltext0:
  16               		.section	.text.EVENT_USB_Device_StartOfFrame,"ax",@progbits
  17               	.global	EVENT_USB_Device_StartOfFrame
  19               	EVENT_USB_Device_StartOfFrame:
  20               	.LFB110:
  21               	.LSM0:
  22               	/* prologue: function */
  23               	/* frame size = 0 */
  24               	.LSM1:
  25 0000 8091 0000 		lds r24,count.4847
  26 0004 8F5F      		subi r24,lo8(-(1))
  27 0006 8093 0000 		sts count.4847,r24
  28 000a 62E3      		ldi r22,lo8(50)
  29 000c 0E94 0000 		call __udivmodqi4
  30 0010 9923      		tst r25
  31 0012 01F4      		brne .L10
  32               	.LSM2:
  33 0014 1092 0000 		sts count.4847,__zero_reg__
  34               	.LSM3:
  35 0018 8091 0000 		lds r24,console_flush
  36 001c 8823      		tst r24
  37 001e 01F0      		breq .L10
  38               	.LBB251:
  39               	.LBB252:
  40               	.LSM4:
  41 0020 8091 0000 		lds r24,USB_DeviceState
  42 0024 8430      		cpi r24,lo8(4)
  43 0026 01F4      		brne .L3
  44               	.LBB253:
  45               	.LBB254:
  46               	.LSM5:
  47 0028 9091 E900 		lds r25,233
  48               	.LBB255:
  49               	.LBB256:
  50               	.LSM6:
  51 002c 8091 EC00 		lds r24,236
  52 0030 80FD      		sbrc r24,0
  53 0032 00C0      		rjmp .L4
  54 0034 80E0      		ldi r24,lo8(0)
  55 0036 00C0      		rjmp .L5
  56               	.L4:
  57 0038 80E8      		ldi r24,lo8(-128)
  58               	.L5:
  59               	.LBE256:
  60               	.LBE255:
  61               	.LSM7:
  62 003a 9F70      		andi r25,lo8(15)
  63               	.LVL0:
  64 003c 982B      		or r25,r24
  65               	.LBE254:
  66               	.LBE253:
  67               	.LBB257:
  68               	.LBB258:
  69               	.LSM8:
  70 003e 84E0      		ldi r24,lo8(4)
  71 0040 8093 E900 		sts 233,r24
  72               	.LBE258:
  73               	.LBE257:
  74               	.LBB259:
  75               	.LBB260:
  76               	.LSM9:
  77 0044 8091 EB00 		lds r24,235
  78               	.LBE260:
  79               	.LBE259:
  80               	.LSM10:
  81 0048 80FF      		sbrs r24,0
  82 004a 00C0      		rjmp .L9
  83               	.LBB261:
  84               	.LBB262:
  85               	.LSM11:
  86 004c 8091 EE00 		lds r24,238
  87               	.LBE262:
  88               	.LBE261:
  89               	.LSM12:
  90 0050 87FD      		sbrc r24,7
  91 0052 00C0      		rjmp .L11
  92 0054 00C0      		rjmp .L9
  93               	.L8:
  94               	.LBB263:
  95               	.LBB264:
  96               	.LSM13:
  97 0056 1092 F100 		sts 241,__zero_reg__
  98               	.L11:
  99               	.LBE264:
 100               	.LBE263:
 101               	.LBB265:
 102               	.LBB266:
 103               	.LSM14:
 104 005a 8091 E800 		lds r24,232
 105               	.LBE266:
 106               	.LBE265:
 107               	.LSM15:
 108 005e 85FD      		sbrc r24,5
 109 0060 00C0      		rjmp .L8
 110               	.LBB267:
 111               	.LBB268:
 112               	.LSM16:
 113 0062 8091 E800 		lds r24,232
 114               	.LBE268:
 115               	.LBE267:
 116               	.LSM17:
 117 0066 80FF      		sbrs r24,0
 118 0068 00C0      		rjmp .L9
 119               	.LBB269:
 120               	.LBB270:
 121               	.LSM18:
 122 006a 8091 E800 		lds r24,232
 123 006e 8E77      		andi r24,lo8(126)
 124 0070 8093 E800 		sts 232,r24
 125               	.L9:
 126               	.LBE270:
 127               	.LBE269:
 128               	.LBB271:
 129               	.LBB272:
 130               	.LSM19:
 131 0074 9F70      		andi r25,lo8(15)
 132 0076 9093 E900 		sts 233,r25
 133               	.L3:
 134               	.LBE272:
 135               	.LBE271:
 136               	.LBE252:
 137               	.LBE251:
 138               	.LSM20:
 139 007a 1092 0000 		sts console_flush,__zero_reg__
 140               	.L10:
 141 007e 0895      		ret
 142               	.LFE110:
 144               		.section	.text.keyboard_leds,"ax",@progbits
 146               	keyboard_leds:
 147               	.LFB113:
 148               	.LSM21:
 149               	/* prologue: function */
 150               	/* frame size = 0 */
 151               	.LSM22:
 152 0000 8091 0000 		lds r24,keyboard_led_stats
 153               	/* epilogue start */
 154 0004 0895      		ret
 155               	.LFE113:
 157               		.section	.text.sendchar,"ax",@progbits
 158               	.global	sendchar
 160               	sendchar:
 161               	.LFB118:
 162               	.LSM23:
 163               	.LVL1:
 164               	/* prologue: function */
 165               	/* frame size = 0 */
 166 0000 682F      		mov r22,r24
 167               	.LBB273:
 168               	.LSM24:
 169 0002 8FB7      		in r24,__SREG__
 170               	.LVL2:
 171               	/* #APP */
 172               	 ;  503 "../../tmk_core/protocol/lufa/lufa.c" 1
 173 0004 F894      		cli
 174               	 ;  0 "" 2
 175               	/* #NOAPP */
 176 0006 1092 0000 		sts console_flush,__zero_reg__
 177 000a 8FBF      		out __SREG__,r24
 178               	.LBE273:
 179               	.LSM25:
 180 000c 8091 0000 		lds r24,USB_DeviceState
 181               	.LVL3:
 182 0010 8430      		cpi r24,lo8(4)
 183 0012 01F0      		breq .L15
 184 0014 8FEF      		ldi r24,lo8(-1)
 185 0016 0895      		ret
 186               	.L15:
 187               	.LBB274:
 188               	.LBB275:
 189               	.LSM26:
 190 0018 9091 E900 		lds r25,233
 191               	.LBB276:
 192               	.LBB277:
 193               	.LSM27:
 194 001c 8091 EC00 		lds r24,236
 195 0020 80FD      		sbrc r24,0
 196 0022 00C0      		rjmp .L17
 197 0024 80E0      		ldi r24,lo8(0)
 198 0026 00C0      		rjmp .L18
 199               	.L17:
 200 0028 80E8      		ldi r24,lo8(-128)
 201               	.L18:
 202               	.LBE277:
 203               	.LBE276:
 204               	.LSM28:
 205 002a 392F      		mov r19,r25
 206               	.LVL4:
 207 002c 3F70      		andi r19,lo8(15)
 208 002e 382B      		or r19,r24
 209               	.LBE275:
 210               	.LBE274:
 211               	.LBB278:
 212               	.LBB279:
 213               	.LSM29:
 214 0030 84E0      		ldi r24,lo8(4)
 215 0032 8093 E900 		sts 233,r24
 216               	.LBE279:
 217               	.LBE278:
 218               	.LBB280:
 219               	.LBB281:
 220               	.LSM30:
 221 0036 8091 EB00 		lds r24,235
 222               	.LBE281:
 223               	.LBE280:
 224               	.LSM31:
 225 003a 80FF      		sbrs r24,0
 226 003c 00C0      		rjmp .L19
 227               	.LBB282:
 228               	.LBB283:
 229               	.LSM32:
 230 003e 8091 EE00 		lds r24,238
 231               	.LBE283:
 232               	.LBE282:
 233               	.LSM33:
 234 0042 87FF      		sbrs r24,7
 235 0044 00C0      		rjmp .L19
 236               	.LSM34:
 237 0046 8091 0000 		lds r24,timeouted.5000
 238 004a 8823      		tst r24
 239 004c 01F0      		breq .L20
 240               	.LBB284:
 241               	.LBB285:
 242               	.LSM35:
 243 004e 8091 E800 		lds r24,232
 244               	.LBE285:
 245               	.LBE284:
 246               	.LSM36:
 247 0052 85FF      		sbrs r24,5
 248 0054 00C0      		rjmp .L19
 249               	.L20:
 250               	.LSM37:
 251 0056 1092 0000 		sts timeouted.5000,__zero_reg__
 252 005a 25E0      		ldi r18,lo8(5)
 253               	.LVL5:
 254               	.LBB286:
 255               	.LBB287:
 256               	.LBB288:
 257               	.LBB289:
 258               	.LSM38:
 259 005c 40EA      		ldi r20,lo8(4000)
 260 005e 5FE0      		ldi r21,hi8(4000)
 261 0060 00C0      		rjmp .L21
 262               	.L23:
 263               	.LBE289:
 264               	.LBE288:
 265               	.LBE287:
 266               	.LBE286:
 267               	.LSM39:
 268 0062 8091 0000 		lds r24,USB_DeviceState
 269 0066 8430      		cpi r24,lo8(4)
 270 0068 01F4      		brne .L19
 271               	.LBB293:
 272               	.LBB294:
 273               	.LSM40:
 274 006a 8091 EB00 		lds r24,235
 275               	.LBE294:
 276               	.LBE293:
 277               	.LSM41:
 278 006e 85FD      		sbrc r24,5
 279 0070 00C0      		rjmp .L19
 280               	.LSM42:
 281 0072 2223      		tst r18
 282 0074 01F4      		brne .L22
 283               	.LSM43:
 284 0076 81E0      		ldi r24,lo8(1)
 285 0078 8093 0000 		sts timeouted.5000,r24
 286 007c 00C0      		rjmp .L19
 287               	.L22:
 288               	.LSM44:
 289 007e 2150      		subi r18,lo8(-(-1))
 290               	.LBB295:
 291               	.LBB292:
 292               	.LBB291:
 293               	.LBB290:
 294               	.LSM45:
 295 0080 CA01      		movw r24,r20
 296               	.LVL6:
 297               	/* #APP */
 298               	 ;  105 "c:/winavr-20100110/lib/gcc/../../avr/include/util/delay_basic.h" 1
 299 0082 0197      		1: sbiw r24,1
 300 0084 01F4      		brne 1b
 301               	 ;  0 "" 2
 302               	/* #NOAPP */
 303               	.L21:
 304               	.LBE290:
 305               	.LBE291:
 306               	.LBE292:
 307               	.LBE295:
 308               	.LBB296:
 309               	.LBB297:
 310               	.LSM46:
 311 0086 8091 E800 		lds r24,232
 312               	.LVL7:
 313               	.LBE297:
 314               	.LBE296:
 315               	.LSM47:
 316 008a 85FF      		sbrs r24,5
 317 008c 00C0      		rjmp .L23
 318               	.LBB298:
 319               	.LBB299:
 320               	.LSM48:
 321 008e 6093 F100 		sts 241,r22
 322               	.LBE299:
 323               	.LBE298:
 324               	.LBB300:
 325               	.LBB301:
 326               	.LSM49:
 327 0092 8091 E800 		lds r24,232
 328               	.LBE301:
 329               	.LBE300:
 330               	.LSM50:
 331 0096 85FD      		sbrc r24,5
 332 0098 00C0      		rjmp .L24
 333               	.L28:
 334               	.LBB302:
 335               	.LBB303:
 336               	.LSM51:
 337 009a 8091 E800 		lds r24,232
 338               	.LBE303:
 339               	.LBE302:
 340               	.LSM52:
 341 009e 80FF      		sbrs r24,0
 342 00a0 00C0      		rjmp .L28
 343               	.LBB304:
 344               	.LBB305:
 345               	.LSM53:
 346 00a2 8091 E800 		lds r24,232
 347 00a6 8E77      		andi r24,lo8(126)
 348 00a8 8093 E800 		sts 232,r24
 349 00ac 00C0      		rjmp .L26
 350               	.L24:
 351               	.LBE305:
 352               	.LBE304:
 353               	.LBB306:
 354               	.LSM54:
 355 00ae 9FB7      		in r25,__SREG__
 356               	.LVL8:
 357               	/* #APP */
 358               	 ;  542 "../../tmk_core/protocol/lufa/lufa.c" 1
 359 00b0 F894      		cli
 360               	 ;  0 "" 2
 361               	/* #NOAPP */
 362 00b2 81E0      		ldi r24,lo8(1)
 363 00b4 8093 0000 		sts console_flush,r24
 364 00b8 9FBF      		out __SREG__,r25
 365               	.L26:
 366               	.LBE306:
 367               	.LBB307:
 368               	.LBB308:
 369               	.LSM55:
 370 00ba 3F70      		andi r19,lo8(15)
 371 00bc 3093 E900 		sts 233,r19
 372 00c0 80E0      		ldi r24,lo8(0)
 373 00c2 0895      		ret
 374               	.LVL9:
 375               	.L19:
 376               	.LBE308:
 377               	.LBE307:
 378               	.LBB309:
 379               	.LBB310:
 380               	.LSM56:
 381 00c4 3F70      		andi r19,lo8(15)
 382               	.LSM57:
 383 00c6 3093 E900 		sts 233,r19
 384 00ca 8FEF      		ldi r24,lo8(-1)
 385               	.LBE310:
 386               	.LBE309:
 387               	.LSM58:
 388 00cc 0895      		ret
 389               	.LFE118:
 391               		.section	.text.hook_early_init,"ax",@progbits
 392               		.weak	hook_early_init
 394               	hook_early_init:
 395               	.LFB122:
 396               	.LSM59:
 397               	/* prologue: function */
 398               	/* frame size = 0 */
 399               	/* epilogue start */
 400               	.LSM60:
 401 0000 0895      		ret
 402               	.LFE122:
 404               		.section	.text.hook_late_init,"ax",@progbits
 405               		.weak	hook_late_init
 407               	hook_late_init:
 408               	.LFB123:
 409               	.LSM61:
 410               	/* prologue: function */
 411               	/* frame size = 0 */
 412               	/* epilogue start */
 413               	.LSM62:
 414 0000 0895      		ret
 415               	.LFE123:
 417               		.section	.text.hook_usb_suspend_entry,"ax",@progbits
 418               		.weak	hook_usb_suspend_entry
 420               	hook_usb_suspend_entry:
 421               	.LFB124:
 422               	.LSM63:
 423               	/* prologue: function */
 424               	/* frame size = 0 */
 425               	/* epilogue start */
 426               	.LSM64:
 427 0000 0895      		ret
 428               	.LFE124:
 430               		.section	.text.send_consumer,"ax",@progbits
 432               	send_consumer:
 433               	.LFB117:
 434               	.LSM65:
 435               	.LVL10:
 436 0000 DF93      		push r29
 437 0002 CF93      		push r28
 438 0004 00D0      		rcall .
 439 0006 0F92      		push __tmp_reg__
 440 0008 CDB7      		in r28,__SP_L__
 441 000a DEB7      		in r29,__SP_H__
 442               	/* prologue: function */
 443               	/* frame size = 3 */
 444 000c AC01      		movw r20,r24
 445               	.LSM66:
 446 000e 8091 0000 		lds r24,USB_DeviceState
 447               	.LVL11:
 448 0012 8430      		cpi r24,lo8(4)
 449 0014 01F4      		brne .L41
 450               	.LBB311:
 451               	.LBB312:
 452               	.LSM67:
 453 0016 83E0      		ldi r24,lo8(3)
 454 0018 8093 E900 		sts 233,r24
 455 001c 2FEF      		ldi r18,lo8(-1)
 456               	.LBE312:
 457               	.LBE311:
 458               	.LBB313:
 459               	.LBB314:
 460               	.LBB315:
 461               	.LBB316:
 462               	.LSM68:
 463 001e 95ED      		ldi r25,lo8(-43)
 464 0020 00C0      		rjmp .L38
 465               	.L40:
 466 0022 892F      		mov r24,r25
 467               	.LVL12:
 468               	/* #APP */
 469               	 ;  83 "c:/winavr-20100110/lib/gcc/../../avr/include/util/delay_basic.h" 1
 470 0024 8A95      		1: dec r24
 471 0026 01F4      		brne 1b
 472               	 ;  0 "" 2
 473               	/* #NOAPP */
 474               	.LBE316:
 475               	.LBE315:
 476               	.LBE314:
 477               	.LBE313:
 478               	.LSM69:
 479 0028 2223      		tst r18
 480 002a 01F0      		breq .L39
 481               	.L38:
 482               	.LBB317:
 483               	.LBB318:
 484               	.LSM70:
 485 002c 8091 E800 		lds r24,232
 486               	.LVL13:
 487 0030 2150      		subi r18,lo8(-(-1))
 488               	.LBE318:
 489               	.LBE317:
 490               	.LSM71:
 491 0032 85FF      		sbrs r24,5
 492 0034 00C0      		rjmp .L40
 493               	.LVL14:
 494               	.L39:
 495               	.LBB319:
 496               	.LBB320:
 497               	.LSM72:
 498 0036 8091 E800 		lds r24,232
 499               	.LVL15:
 500               	.LBE320:
 501               	.LBE319:
 502               	.LSM73:
 503 003a 85FF      		sbrs r24,5
 504 003c 00C0      		rjmp .L41
 505               	.LSM74:
 506 003e 5B83      		std Y+3,r21
 507 0040 4A83      		std Y+2,r20
 508 0042 83E0      		ldi r24,lo8(3)
 509 0044 8983      		std Y+1,r24
 510               	.LSM75:
 511 0046 CE01      		movw r24,r28
 512 0048 0196      		adiw r24,1
 513 004a 63E0      		ldi r22,lo8(3)
 514 004c 70E0      		ldi r23,hi8(3)
 515 004e 40E0      		ldi r20,lo8(0)
 516 0050 50E0      		ldi r21,hi8(0)
 517               	.LVL16:
 518 0052 0E94 0000 		call Endpoint_Write_Stream_LE
 519               	.LBB321:
 520               	.LBB322:
 521               	.LSM76:
 522 0056 8091 E800 		lds r24,232
 523 005a 8E77      		andi r24,lo8(126)
 524 005c 8093 E800 		sts 232,r24
 525               	.LVL17:
 526               	.L41:
 527               	/* epilogue start */
 528               	.LBE322:
 529               	.LBE321:
 530               	.LSM77:
 531 0060 0F90      		pop __tmp_reg__
 532 0062 0F90      		pop __tmp_reg__
 533 0064 0F90      		pop __tmp_reg__
 534 0066 CF91      		pop r28
 535 0068 DF91      		pop r29
 536 006a 0895      		ret
 537               	.LFE117:
 539               		.section	.text.send_system,"ax",@progbits
 541               	send_system:
 542               	.LFB116:
 543               	.LSM78:
 544               	.LVL18:
 545 0000 DF93      		push r29
 546 0002 CF93      		push r28
 547 0004 00D0      		rcall .
 548 0006 0F92      		push __tmp_reg__
 549 0008 CDB7      		in r28,__SP_L__
 550 000a DEB7      		in r29,__SP_H__
 551               	/* prologue: function */
 552               	/* frame size = 3 */
 553 000c AC01      		movw r20,r24
 554               	.LSM79:
 555 000e 8091 0000 		lds r24,USB_DeviceState
 556               	.LVL19:
 557 0012 8430      		cpi r24,lo8(4)
 558 0014 01F4      		brne .L47
 559               	.LBB323:
 560               	.LBB324:
 561               	.LSM80:
 562 0016 83E0      		ldi r24,lo8(3)
 563 0018 8093 E900 		sts 233,r24
 564 001c 2FEF      		ldi r18,lo8(-1)
 565               	.LBE324:
 566               	.LBE323:
 567               	.LBB325:
 568               	.LBB326:
 569               	.LBB327:
 570               	.LBB328:
 571               	.LSM81:
 572 001e 95ED      		ldi r25,lo8(-43)
 573 0020 00C0      		rjmp .L44
 574               	.L46:
 575 0022 892F      		mov r24,r25
 576               	.LVL20:
 577               	/* #APP */
 578               	 ;  83 "c:/winavr-20100110/lib/gcc/../../avr/include/util/delay_basic.h" 1
 579 0024 8A95      		1: dec r24
 580 0026 01F4      		brne 1b
 581               	 ;  0 "" 2
 582               	/* #NOAPP */
 583               	.LBE328:
 584               	.LBE327:
 585               	.LBE326:
 586               	.LBE325:
 587               	.LSM82:
 588 0028 2223      		tst r18
 589 002a 01F0      		breq .L45
 590               	.L44:
 591               	.LBB329:
 592               	.LBB330:
 593               	.LSM83:
 594 002c 8091 E800 		lds r24,232
 595               	.LVL21:
 596 0030 2150      		subi r18,lo8(-(-1))
 597               	.LBE330:
 598               	.LBE329:
 599               	.LSM84:
 600 0032 85FF      		sbrs r24,5
 601 0034 00C0      		rjmp .L46
 602               	.LVL22:
 603               	.L45:
 604               	.LBB331:
 605               	.LBB332:
 606               	.LSM85:
 607 0036 8091 E800 		lds r24,232
 608               	.LVL23:
 609               	.LBE332:
 610               	.LBE331:
 611               	.LSM86:
 612 003a 85FF      		sbrs r24,5
 613 003c 00C0      		rjmp .L47
 614               	.LSM87:
 615 003e 5B83      		std Y+3,r21
 616 0040 4A83      		std Y+2,r20
 617 0042 82E0      		ldi r24,lo8(2)
 618 0044 8983      		std Y+1,r24
 619               	.LSM88:
 620 0046 CE01      		movw r24,r28
 621 0048 0196      		adiw r24,1
 622 004a 63E0      		ldi r22,lo8(3)
 623 004c 70E0      		ldi r23,hi8(3)
 624 004e 40E0      		ldi r20,lo8(0)
 625 0050 50E0      		ldi r21,hi8(0)
 626               	.LVL24:
 627 0052 0E94 0000 		call Endpoint_Write_Stream_LE
 628               	.LBB333:
 629               	.LBB334:
 630               	.LSM89:
 631 0056 8091 E800 		lds r24,232
 632 005a 8E77      		andi r24,lo8(126)
 633 005c 8093 E800 		sts 232,r24
 634               	.LVL25:
 635               	.L47:
 636               	/* epilogue start */
 637               	.LBE334:
 638               	.LBE333:
 639               	.LSM90:
 640 0060 0F90      		pop __tmp_reg__
 641 0062 0F90      		pop __tmp_reg__
 642 0064 0F90      		pop __tmp_reg__
 643 0066 CF91      		pop r28
 644 0068 DF91      		pop r29
 645 006a 0895      		ret
 646               	.LFE116:
 648               		.section	.text.send_mouse,"ax",@progbits
 650               	send_mouse:
 651               	.LFB115:
 652               	.LSM91:
 653               	.LVL26:
 654               	/* prologue: function */
 655               	/* frame size = 0 */
 656 0000 AC01      		movw r20,r24
 657               	.LSM92:
 658 0002 8091 0000 		lds r24,USB_DeviceState
 659               	.LVL27:
 660 0006 8430      		cpi r24,lo8(4)
 661 0008 01F4      		brne .L53
 662               	.LBB335:
 663               	.LBB336:
 664               	.LSM93:
 665 000a 82E0      		ldi r24,lo8(2)
 666 000c 8093 E900 		sts 233,r24
 667 0010 2FEF      		ldi r18,lo8(-1)
 668               	.LBE336:
 669               	.LBE335:
 670               	.LBB337:
 671               	.LBB338:
 672               	.LBB339:
 673               	.LBB340:
 674               	.LSM94:
 675 0012 95ED      		ldi r25,lo8(-43)
 676 0014 00C0      		rjmp .L50
 677               	.L52:
 678 0016 892F      		mov r24,r25
 679               	.LVL28:
 680               	/* #APP */
 681               	 ;  83 "c:/winavr-20100110/lib/gcc/../../avr/include/util/delay_basic.h" 1
 682 0018 8A95      		1: dec r24
 683 001a 01F4      		brne 1b
 684               	 ;  0 "" 2
 685               	/* #NOAPP */
 686               	.LBE340:
 687               	.LBE339:
 688               	.LBE338:
 689               	.LBE337:
 690               	.LSM95:
 691 001c 2223      		tst r18
 692 001e 01F0      		breq .L51
 693               	.L50:
 694               	.LBB341:
 695               	.LBB342:
 696               	.LSM96:
 697 0020 8091 E800 		lds r24,232
 698               	.LVL29:
 699 0024 2150      		subi r18,lo8(-(-1))
 700               	.LBE342:
 701               	.LBE341:
 702               	.LSM97:
 703 0026 85FF      		sbrs r24,5
 704 0028 00C0      		rjmp .L52
 705               	.LVL30:
 706               	.L51:
 707               	.LBB343:
 708               	.LBB344:
 709               	.LSM98:
 710 002a 8091 E800 		lds r24,232
 711               	.LVL31:
 712               	.LBE344:
 713               	.LBE343:
 714               	.LSM99:
 715 002e 85FF      		sbrs r24,5
 716 0030 00C0      		rjmp .L53
 717               	.LSM100:
 718 0032 CA01      		movw r24,r20
 719 0034 65E0      		ldi r22,lo8(5)
 720 0036 70E0      		ldi r23,hi8(5)
 721 0038 40E0      		ldi r20,lo8(0)
 722 003a 50E0      		ldi r21,hi8(0)
 723               	.LVL32:
 724 003c 0E94 0000 		call Endpoint_Write_Stream_LE
 725               	.LBB345:
 726               	.LBB346:
 727               	.LSM101:
 728 0040 8091 E800 		lds r24,232
 729 0044 8E77      		andi r24,lo8(126)
 730 0046 8093 E800 		sts 232,r24
 731               	.LVL33:
 732               	.L53:
 733 004a 0895      		ret
 734               	.LBE346:
 735               	.LBE345:
 736               	.LFE115:
 738               		.section	.text.send_keyboard,"ax",@progbits
 740               	send_keyboard:
 741               	.LFB114:
 742               	.LSM102:
 743               	.LVL34:
 744 0000 0F93      		push r16
 745 0002 1F93      		push r17
 746               	/* prologue: function */
 747               	/* frame size = 0 */
 748 0004 182F      		mov r17,r24
 749 0006 092F      		mov r16,r25
 750               	.LVL35:
 751               	.LSM103:
 752 0008 8091 0000 		lds r24,USB_DeviceState
 753               	.LVL36:
 754 000c 8430      		cpi r24,lo8(4)
 755 000e 01F0      		breq .+2
 756 0010 00C0      		rjmp .L65
 757               	.LVL37:
 758               	.LSM104:
 759 0012 8091 0000 		lds r24,keyboard_protocol
 760 0016 8823      		tst r24
 761 0018 01F0      		breq .L56
 762 001a 8091 0000 		lds r24,keyboard_nkro
 763 001e 8823      		tst r24
 764 0020 01F0      		breq .L56
 765               	.LBB347:
 766               	.LBB348:
 767               	.LSM105:
 768 0022 85E0      		ldi r24,lo8(5)
 769 0024 8093 E900 		sts 233,r24
 770 0028 9FEF      		ldi r25,lo8(-1)
 771               	.LBE348:
 772               	.LBE347:
 773               	.LBB349:
 774               	.LBB350:
 775               	.LBB351:
 776               	.LBB352:
 777               	.LSM106:
 778 002a 25E1      		ldi r18,lo8(21)
 779 002c 00C0      		rjmp .L57
 780               	.L59:
 781 002e 822F      		mov r24,r18
 782               	.LVL38:
 783               	/* #APP */
 784               	 ;  83 "c:/winavr-20100110/lib/gcc/../../avr/include/util/delay_basic.h" 1
 785 0030 8A95      		1: dec r24
 786 0032 01F4      		brne 1b
 787               	 ;  0 "" 2
 788               	/* #NOAPP */
 789               	.LBE352:
 790               	.LBE351:
 791               	.LBE350:
 792               	.LBE349:
 793               	.LSM107:
 794 0034 9923      		tst r25
 795 0036 01F0      		breq .L58
 796               	.L57:
 797               	.LBB353:
 798               	.LBB354:
 799               	.LSM108:
 800 0038 8091 E800 		lds r24,232
 801               	.LVL39:
 802 003c 9150      		subi r25,lo8(-(-1))
 803               	.LBE354:
 804               	.LBE353:
 805               	.LSM109:
 806 003e 85FF      		sbrs r24,5
 807 0040 00C0      		rjmp .L59
 808               	.LVL40:
 809               	.L58:
 810               	.LBB355:
 811               	.LBB356:
 812               	.LSM110:
 813 0042 8091 E800 		lds r24,232
 814               	.LVL41:
 815               	.LBE356:
 816               	.LBE355:
 817               	.LSM111:
 818 0046 85FF      		sbrs r24,5
 819 0048 00C0      		rjmp .L65
 820               	.LSM112:
 821 004a 812F      		mov r24,r17
 822 004c 902F      		mov r25,r16
 823 004e 60E1      		ldi r22,lo8(16)
 824 0050 70E0      		ldi r23,hi8(16)
 825 0052 00C0      		rjmp .L67
 826               	.LVL42:
 827               	.L56:
 828               	.LBB357:
 829               	.LBB358:
 830               	.LSM113:
 831 0054 81E0      		ldi r24,lo8(1)
 832 0056 8093 E900 		sts 233,r24
 833 005a 9FEF      		ldi r25,lo8(-1)
 834               	.LBE358:
 835               	.LBE357:
 836               	.LBB359:
 837               	.LBB360:
 838               	.LBB361:
 839               	.LBB362:
 840               	.LSM114:
 841 005c 25ED      		ldi r18,lo8(-43)
 842 005e 00C0      		rjmp .L61
 843               	.L63:
 844 0060 822F      		mov r24,r18
 845               	.LVL43:
 846               	/* #APP */
 847               	 ;  83 "c:/winavr-20100110/lib/gcc/../../avr/include/util/delay_basic.h" 1
 848 0062 8A95      		1: dec r24
 849 0064 01F4      		brne 1b
 850               	 ;  0 "" 2
 851               	/* #NOAPP */
 852               	.LBE362:
 853               	.LBE361:
 854               	.LBE360:
 855               	.LBE359:
 856               	.LSM115:
 857 0066 9923      		tst r25
 858 0068 01F0      		breq .L62
 859               	.L61:
 860               	.LBB363:
 861               	.LBB364:
 862               	.LSM116:
 863 006a 8091 E800 		lds r24,232
 864               	.LVL44:
 865 006e 9150      		subi r25,lo8(-(-1))
 866               	.LBE364:
 867               	.LBE363:
 868               	.LSM117:
 869 0070 85FF      		sbrs r24,5
 870 0072 00C0      		rjmp .L63
 871               	.LVL45:
 872               	.L62:
 873               	.LBB365:
 874               	.LBB366:
 875               	.LSM118:
 876 0074 8091 E800 		lds r24,232
 877               	.LVL46:
 878               	.LBE366:
 879               	.LBE365:
 880               	.LSM119:
 881 0078 85FF      		sbrs r24,5
 882 007a 00C0      		rjmp .L65
 883               	.LSM120:
 884 007c 812F      		mov r24,r17
 885 007e 902F      		mov r25,r16
 886 0080 68E0      		ldi r22,lo8(8)
 887 0082 70E0      		ldi r23,hi8(8)
 888               	.L67:
 889 0084 40E0      		ldi r20,lo8(0)
 890 0086 50E0      		ldi r21,hi8(0)
 891 0088 0E94 0000 		call Endpoint_Write_Stream_LE
 892               	.LBB367:
 893               	.LBB368:
 894               	.LSM121:
 895 008c 8091 E800 		lds r24,232
 896 0090 8E77      		andi r24,lo8(126)
 897 0092 8093 E800 		sts 232,r24
 898               	.LBE368:
 899               	.LBE367:
 900               	.LSM122:
 901 0096 A0E0      		ldi r26,lo8(keyboard_report_sent)
 902 0098 B0E0      		ldi r27,hi8(keyboard_report_sent)
 903 009a 212F      		mov r18,r17
 904 009c 302F      		mov r19,r16
 905 009e C901      		movw r24,r18
 906 00a0 FC01      		movw r30,r24
 907 00a2 80E1      		ldi r24,lo8(16)
 908               	.LVL47:
 909               	.L64:
 910 00a4 0190      		ld r0,Z+
 911 00a6 0D92      		st X+,r0
 912 00a8 8150      		subi r24,lo8(-(-1))
 913 00aa 01F4      		brne .L64
 914               	.LVL48:
 915               	.L65:
 916               	/* epilogue start */
 917               	.LSM123:
 918 00ac 1F91      		pop r17
 919               	.LVL49:
 920 00ae 0F91      		pop r16
 921               	.LVL50:
 922 00b0 0895      		ret
 923               	.LFE114:
 925               		.section	.text.hook_usb_wakeup,"ax",@progbits
 926               		.weak	hook_usb_wakeup
 928               	hook_usb_wakeup:
 929               	.LFB126:
 930               	.LSM124:
 931               	/* prologue: function */
 932               	/* frame size = 0 */
 933               	.LSM125:
 934 0000 0E94 0000 		call suspend_wakeup_init
 935               	/* epilogue start */
 936               	.LSM126:
 937 0004 0895      		ret
 938               	.LFE126:
 940               		.section	.text.hook_usb_suspend_loop,"ax",@progbits
 941               		.weak	hook_usb_suspend_loop
 943               	hook_usb_suspend_loop:
 944               	.LFB125:
 945               	.LSM127:
 946               	/* prologue: function */
 947               	/* frame size = 0 */
 948               	.LSM128:
 949 0000 0E94 0000 		call suspend_power_down
 950               	.LSM129:
 951 0004 8091 0000 		lds r24,USB_Device_RemoteWakeupEnabled
 952 0008 8823      		tst r24
 953 000a 01F0      		breq .L72
 954 000c 0E94 0000 		call suspend_wakeup_condition
 955 0010 8823      		tst r24
 956 0012 01F0      		breq .L72
 957               	.LSM130:
 958 0014 0E94 0000 		call USB_Device_SendRemoteWakeup
 959               	.L72:
 960 0018 0895      		ret
 961               	.LFE125:
 963               		.section	.text.EVENT_USB_Device_WakeUp,"ax",@progbits
 964               	.global	EVENT_USB_Device_WakeUp
 966               	EVENT_USB_Device_WakeUp:
 967               	.LFB109:
 968               	.LSM131:
 969               	/* prologue: function */
 970               	/* frame size = 0 */
 971               	.LSM132:
 972 0000 80E0      		ldi r24,lo8(__c.4841)
 973 0002 90E0      		ldi r25,hi8(__c.4841)
 974 0004 0E94 0000 		call xputs
 975               	.LSM133:
 976 0008 0E94 0000 		call hook_usb_wakeup
 977               	/* epilogue start */
 978               	.LSM134:
 979 000c 0895      		ret
 980               	.LFE109:
 982               		.section	.text.EVENT_USB_Device_Suspend,"ax",@progbits
 983               	.global	EVENT_USB_Device_Suspend
 985               	EVENT_USB_Device_Suspend:
 986               	.LFB108:
 987               	.LSM135:
 988               	/* prologue: function */
 989               	/* frame size = 0 */
 990               	.LSM136:
 991 0000 80E0      		ldi r24,lo8(__c.4837)
 992 0002 90E0      		ldi r25,hi8(__c.4837)
 993 0004 0E94 0000 		call xputs
 994               	.LSM137:
 995 0008 0E94 0000 		call hook_usb_suspend_entry
 996               	/* epilogue start */
 997               	.LSM138:
 998 000c 0895      		ret
 999               	.LFE108:
 1001               		.section	.text.EVENT_USB_Device_Reset,"ax",@progbits
 1002               	.global	EVENT_USB_Device_Reset
 1004               	EVENT_USB_Device_Reset:
 1005               	.LFB107:
 1006               	.LSM139:
 1007               	/* prologue: function */
 1008               	/* frame size = 0 */
 1009               	.LSM140:
 1010 0000 80E0      		ldi r24,lo8(__c.4833)
 1011 0002 90E0      		ldi r25,hi8(__c.4833)
 1012 0004 0E94 0000 		call xputs
 1013               	/* epilogue start */
 1014               	.LSM141:
 1015 0008 0895      		ret
 1016               	.LFE107:
 1018               		.section	.text.EVENT_USB_Device_Disconnect,"ax",@progbits
 1019               	.global	EVENT_USB_Device_Disconnect
 1021               	EVENT_USB_Device_Disconnect:
 1022               	.LFB106:
 1023               	.LSM142:
 1024               	/* prologue: function */
 1025               	/* frame size = 0 */
 1026               	.LSM143:
 1027 0000 80E0      		ldi r24,lo8(__c.4828)
 1028 0002 90E0      		ldi r25,hi8(__c.4828)
 1029 0004 0E94 0000 		call xputs
 1030               	.LSM144:
 1031 0008 1092 0000 		sts USB_IsInitialized,__zero_reg__
 1032               	/* epilogue start */
 1033               	.LSM145:
 1034 000c 0895      		ret
 1035               	.LFE106:
 1037               		.section	.text.EVENT_USB_Device_Connect,"ax",@progbits
 1038               	.global	EVENT_USB_Device_Connect
 1040               	EVENT_USB_Device_Connect:
 1041               	.LFB105:
 1042               	.LSM146:
 1043               	/* prologue: function */
 1044               	/* frame size = 0 */
 1045               	.LSM147:
 1046 0000 80E0      		ldi r24,lo8(__c.4821)
 1047 0002 90E0      		ldi r25,hi8(__c.4821)
 1048 0004 0E94 0000 		call xputs
 1049               	.LSM148:
 1050 0008 8091 0000 		lds r24,USB_IsInitialized
 1051 000c 8823      		tst r24
 1052 000e 01F4      		brne .L83
 1053               	.LSM149:
 1054 0010 0E94 0000 		call USB_Disable
 1055               	.LSM150:
 1056 0014 0E94 0000 		call USB_Init
 1057               	.LBB369:
 1058               	.LBB370:
 1059               	.LBB371:
 1060               	.LBB372:
 1061               	.LSM151:
 1062 0018 8091 E200 		lds r24,226
 1063 001c 8460      		ori r24,lo8(4)
 1064 001e 8093 E200 		sts 226,r24
 1065               	.L83:
 1066 0022 0895      		ret
 1067               	.LBE372:
 1068               	.LBE371:
 1069               	.LBE370:
 1070               	.LBE369:
 1071               	.LFE105:
 1073               		.section	.text.main,"ax",@progbits
 1074               		.weak	main
 1076               	main:
 1077               	.LFB121:
 1078               	.LSM152:
 1079               	/* prologue: function */
 1080               	/* frame size = 0 */
 1081               	.LBB385:
 1082               	.LBB386:
 1083               	.LSM153:
 1084 0000 84B7      		in r24,84-32
 1085 0002 877F      		andi r24,lo8(-9)
 1086 0004 84BF      		out 84-32,r24
 1087               	.LSM154:
 1088 0006 88E1      		ldi r24,lo8(24)
 1089               	/* #APP */
 1090               	 ;  566 "../../tmk_core/protocol/lufa/lufa.c" 1
 1091 0008 0FB6      		in __tmp_reg__, __SREG__
 1092 000a F894      		cli
 1093 000c 8093 6000 		sts 96, r24
 1094 0010 1092 6000 		sts 96, __zero_reg__
 1095 0014 0FBE      		out __SREG__,__tmp_reg__
 1096               		
 1097               	 ;  0 "" 2
 1098               	/* #NOAPP */
 1099               	.LBB387:
 1100               	.LSM155:
 1101 0016 80E0      		ldi r24,lo8(0)
 1102 0018 90E0      		ldi r25,hi8(0)
 1103 001a 20E8      		ldi r18,lo8(-128)
 1104               	/* #APP */
 1105               	 ;  569 "../../tmk_core/protocol/lufa/lufa.c" 1
 1106 001c 0FB6      		in __tmp_reg__,__SREG__
 1107 001e F894      		cli
 1108 0020 2093 6100 		sts 97, r18
 1109 0024 8093 6100 		sts 97, r24
 1110 0028 0FBE      		out __SREG__, __tmp_reg__
 1111               	 ;  0 "" 2
 1112               	/* #NOAPP */
 1113               	.LBE387:
 1114               	.LBE386:
 1115               	.LBE385:
 1116               	.LSM156:
 1117 002a 0E94 0000 		call hook_early_init
 1118               	.LSM157:
 1119 002e 0E94 0000 		call keyboard_setup
 1120               	.LBB388:
 1121               	.LBB389:
 1122               	.LSM158:
 1123 0032 0E94 0000 		call USB_Disable
 1124               	.LSM159:
 1125 0036 0E94 0000 		call USB_Init
 1126               	.LBB390:
 1127               	.LBB391:
 1128               	.LBB392:
 1129               	.LBB393:
 1130               	.LSM160:
 1131 003a 8091 E200 		lds r24,226
 1132 003e 8460      		ori r24,lo8(4)
 1133 0040 8093 E200 		sts 226,r24
 1134               	.LBE393:
 1135               	.LBE392:
 1136               	.LBE391:
 1137               	.LBE390:
 1138               	.LSM161:
 1139 0044 80E0      		ldi r24,lo8(gs(sendchar))
 1140 0046 90E0      		ldi r25,hi8(gs(sendchar))
 1141 0048 0E94 0000 		call print_set_sendchar
 1142               	.LBE389:
 1143               	.LBE388:
 1144               	.LSM162:
 1145               	/* #APP */
 1146               	 ;  591 "../../tmk_core/protocol/lufa/lufa.c" 1
 1147 004c 7894      		sei
 1148               	 ;  0 "" 2
 1149               	/* #NOAPP */
 1150               	.L85:
 1151               	.LSM163:
 1152 004e 8091 0000 		lds r24,USB_DeviceState
 1153 0052 8430      		cpi r24,lo8(4)
 1154 0054 01F4      		brne .L85
 1155               	.LSM164:
 1156 0056 80E0      		ldi r24,lo8(__c.5050)
 1157 0058 90E0      		ldi r25,hi8(__c.5050)
 1158 005a 0E94 0000 		call xputs
 1159               	.LSM165:
 1160 005e 0E94 0000 		call keyboard_init
 1161               	.LSM166:
 1162 0062 80E0      		ldi r24,lo8(lufa_driver)
 1163 0064 90E0      		ldi r25,hi8(lufa_driver)
 1164 0066 0E94 0000 		call host_set_driver
 1165               	.LSM167:
 1166 006a 80E0      		ldi r24,lo8(__c.5052)
 1167 006c 90E0      		ldi r25,hi8(__c.5052)
 1168 006e 0E94 0000 		call xputs
 1169               	.LSM168:
 1170 0072 0E94 0000 		call hook_late_init
 1171 0076 00C0      		rjmp .L90
 1172               	.L87:
 1173               	.LSM169:
 1174 0078 80E0      		ldi r24,lo8(__c.5054)
 1175 007a 90E0      		ldi r25,hi8(__c.5054)
 1176 007c 0E94 0000 		call xputs
 1177               	.LSM170:
 1178 0080 0E94 0000 		call hook_usb_suspend_loop
 1179               	.L90:
 1180               	.LSM171:
 1181 0084 8091 0000 		lds r24,USB_DeviceState
 1182 0088 8530      		cpi r24,lo8(5)
 1183 008a 01F0      		breq .L87
 1184               	.LSM172:
 1185 008c 0E94 0000 		call keyboard_task
 1186 0090 00C0      		rjmp .L90
 1187               	.LFE121:
 1189               		.section	.text.EVENT_USB_Device_ControlRequest,"ax",@progbits
 1190               	.global	EVENT_USB_Device_ControlRequest
 1192               	EVENT_USB_Device_ControlRequest:
 1193               	.LFB112:
 1194               	.LSM173:
 1195               	/* prologue: function */
 1196               	/* frame size = 0 */
 1197               	.LSM174:
 1198 0000 8091 0000 		lds r24,USB_ControlRequest+1
 1199 0004 8330      		cpi r24,lo8(3)
 1200 0006 01F4      		brne .+2
 1201 0008 00C0      		rjmp .L95
 1202 000a 8430      		cpi r24,lo8(4)
 1203 000c 00F4      		brsh .L99
 1204 000e 8130      		cpi r24,lo8(1)
 1205 0010 01F0      		breq .L93
 1206 0012 8230      		cpi r24,lo8(2)
 1207 0014 01F0      		breq .+2
 1208 0016 00C0      		rjmp .L108
 1209 0018 00C0      		rjmp .L113
 1210               	.L99:
 1211 001a 8A30      		cpi r24,lo8(10)
 1212 001c 01F4      		brne .+2
 1213 001e 00C0      		rjmp .L97
 1214 0020 8B30      		cpi r24,lo8(11)
 1215 0022 01F4      		brne .+2
 1216 0024 00C0      		rjmp .L98
 1217 0026 8930      		cpi r24,lo8(9)
 1218 0028 01F0      		breq .+2
 1219 002a 00C0      		rjmp .L108
 1220 002c 00C0      		rjmp .L114
 1221               	.L93:
 1222               	.LSM175:
 1223 002e 8091 0000 		lds r24,USB_ControlRequest
 1224 0032 813A      		cpi r24,lo8(-95)
 1225 0034 01F0      		breq .+2
 1226 0036 00C0      		rjmp .L108
 1227               	.LBB394:
 1228               	.LBB395:
 1229               	.LSM176:
 1230 0038 8091 E800 		lds r24,232
 1231 003c 877F      		andi r24,lo8(-9)
 1232 003e 8093 E800 		sts 232,r24
 1233               	.LBE395:
 1234               	.LBE394:
 1235               	.LSM177:
 1236 0042 8091 0000 		lds r24,USB_ControlRequest+4
 1237 0046 9091 0000 		lds r25,(USB_ControlRequest+4)+1
 1238 004a 892B      		or r24,r25
 1239 004c 01F4      		brne .L111
 1240 004e 80E0      		ldi r24,lo8(keyboard_report_sent)
 1241 0050 90E0      		ldi r25,hi8(keyboard_report_sent)
 1242               	.LVL51:
 1243 0052 60E1      		ldi r22,lo8(16)
 1244               	.LVL52:
 1245 0054 00C0      		rjmp .L102
 1246               	.LVL53:
 1247               	.L111:
 1248 0056 80E0      		ldi r24,lo8(0)
 1249 0058 90E0      		ldi r25,hi8(0)
 1250               	.LVL54:
 1251 005a 60E0      		ldi r22,lo8(0)
 1252               	.LVL55:
 1253               	.L102:
 1254               	.LSM178:
 1255 005c 70E0      		ldi r23,lo8(0)
 1256 005e 0E94 0000 		call Endpoint_Write_Control_Stream_LE
 1257               	.LVL56:
 1258               	.LBB396:
 1259               	.LBB397:
 1260               	.LSM179:
 1261 0062 8091 E800 		lds r24,232
 1262 0066 8B77      		andi r24,lo8(123)
 1263 0068 8093 E800 		sts 232,r24
 1264 006c 0895      		ret
 1265               	.L114:
 1266               	.LBE397:
 1267               	.LBE396:
 1268               	.LSM180:
 1269 006e 8091 0000 		lds r24,USB_ControlRequest
 1270 0072 8132      		cpi r24,lo8(33)
 1271 0074 01F0      		breq .+2
 1272 0076 00C0      		rjmp .L108
 1273               	.LSM181:
 1274 0078 8091 0000 		lds r24,USB_ControlRequest+4
 1275 007c 9091 0000 		lds r25,(USB_ControlRequest+4)+1
 1276 0080 0097      		sbiw r24,0
 1277 0082 01F0      		breq .L103
 1278 0084 0497      		sbiw r24,4
 1279 0086 01F0      		breq .+2
 1280 0088 00C0      		rjmp .L108
 1281               	.L103:
 1282               	.LBB398:
 1283               	.LBB399:
 1284               	.LSM182:
 1285 008a 8091 E800 		lds r24,232
 1286 008e 877F      		andi r24,lo8(-9)
 1287 0090 8093 E800 		sts 232,r24
 1288 0094 00C0      		rjmp .L104
 1289               	.L105:
 1290               	.LBE399:
 1291               	.LBE398:
 1292               	.LSM183:
 1293 0096 8091 0000 		lds r24,USB_DeviceState
 1294 009a 8823      		tst r24
 1295 009c 01F4      		brne .+2
 1296 009e 00C0      		rjmp .L108
 1297               	.L104:
 1298               	.LBB400:
 1299               	.LBB401:
 1300               	.LSM184:
 1301 00a0 8091 E800 		lds r24,232
 1302               	.LBE401:
 1303               	.LBE400:
 1304               	.LSM185:
 1305 00a4 82FF      		sbrs r24,2
 1306 00a6 00C0      		rjmp .L105
 1307               	.LBB402:
 1308               	.LBB403:
 1309               	.LSM186:
 1310 00a8 8091 F100 		lds r24,241
 1311               	.LBE403:
 1312               	.LBE402:
 1313               	.LSM187:
 1314 00ac 8093 0000 		sts keyboard_led_stats,r24
 1315               	.LBB404:
 1316               	.LBB405:
 1317               	.LSM188:
 1318 00b0 8091 E800 		lds r24,232
 1319 00b4 8B77      		andi r24,lo8(123)
 1320 00b6 00C0      		rjmp .L112
 1321               	.L95:
 1322               	.LBE405:
 1323               	.LBE404:
 1324               	.LSM189:
 1325 00b8 8091 0000 		lds r24,USB_ControlRequest
 1326 00bc 813A      		cpi r24,lo8(-95)
 1327 00be 01F0      		breq .+2
 1328 00c0 00C0      		rjmp .L108
 1329               	.LSM190:
 1330 00c2 8091 0000 		lds r24,USB_ControlRequest+4
 1331 00c6 9091 0000 		lds r25,(USB_ControlRequest+4)+1
 1332 00ca 892B      		or r24,r25
 1333 00cc 01F0      		breq .+2
 1334 00ce 00C0      		rjmp .L108
 1335               	.LBB406:
 1336               	.LBB407:
 1337               	.LSM191:
 1338 00d0 8091 E800 		lds r24,232
 1339 00d4 877F      		andi r24,lo8(-9)
 1340 00d6 8093 E800 		sts 232,r24
 1341               	.L106:
 1342               	.LBE407:
 1343               	.LBE406:
 1344               	.LBB408:
 1345               	.LBB409:
 1346               	.LSM192:
 1347 00da 8091 E800 		lds r24,232
 1348               	.LBE409:
 1349               	.LBE408:
 1350               	.LSM193:
 1351 00de 80FF      		sbrs r24,0
 1352 00e0 00C0      		rjmp .L106
 1353               	.LSM194:
 1354 00e2 8091 0000 		lds r24,keyboard_protocol
 1355               	.LBB410:
 1356               	.LBB411:
 1357               	.LSM195:
 1358 00e6 8093 F100 		sts 241,r24
 1359               	.LBE411:
 1360               	.LBE410:
 1361               	.LBB412:
 1362               	.LBB413:
 1363               	.LSM196:
 1364 00ea 8091 E800 		lds r24,232
 1365 00ee 8E77      		andi r24,lo8(126)
 1366               	.L112:
 1367 00f0 8093 E800 		sts 232,r24
 1368               	.LBE413:
 1369               	.LBE412:
 1370               	.LSM197:
 1371 00f4 0E94 0000 		call Endpoint_ClearStatusStage
 1372 00f8 0895      		ret
 1373               	.L98:
 1374               	.LSM198:
 1375 00fa 8091 0000 		lds r24,USB_ControlRequest
 1376 00fe 8132      		cpi r24,lo8(33)
 1377 0100 01F4      		brne .L108
 1378               	.LSM199:
 1379 0102 8091 0000 		lds r24,USB_ControlRequest+4
 1380 0106 9091 0000 		lds r25,(USB_ControlRequest+4)+1
 1381 010a 892B      		or r24,r25
 1382 010c 01F4      		brne .L108
 1383               	.LBB414:
 1384               	.LBB415:
 1385               	.LSM200:
 1386 010e 8091 E800 		lds r24,232
 1387 0112 877F      		andi r24,lo8(-9)
 1388 0114 8093 E800 		sts 232,r24
 1389               	.LBE415:
 1390               	.LBE414:
 1391               	.LSM201:
 1392 0118 0E94 0000 		call Endpoint_ClearStatusStage
 1393               	.LSM202:
 1394 011c 8091 0000 		lds r24,USB_ControlRequest+2
 1395 0120 8093 0000 		sts keyboard_protocol,r24
 1396               	.LSM203:
 1397 0124 0E94 0000 		call clear_keyboard
 1398 0128 0895      		ret
 1399               	.L97:
 1400               	.LSM204:
 1401 012a 8091 0000 		lds r24,USB_ControlRequest
 1402 012e 8132      		cpi r24,lo8(33)
 1403 0130 01F4      		brne .L108
 1404               	.LBB416:
 1405               	.LBB417:
 1406               	.LSM205:
 1407 0132 8091 E800 		lds r24,232
 1408 0136 877F      		andi r24,lo8(-9)
 1409 0138 8093 E800 		sts 232,r24
 1410               	.LBE417:
 1411               	.LBE416:
 1412               	.LSM206:
 1413 013c 0E94 0000 		call Endpoint_ClearStatusStage
 1414               	.LSM207:
 1415 0140 8091 0000 		lds r24,USB_ControlRequest+3
 1416 0144 8093 0000 		sts keyboard_idle,r24
 1417 0148 0895      		ret
 1418               	.L113:
 1419               	.LSM208:
 1420 014a 8091 0000 		lds r24,USB_ControlRequest
 1421 014e 813A      		cpi r24,lo8(-95)
 1422 0150 01F4      		brne .L108
 1423               	.LBB418:
 1424               	.LBB419:
 1425               	.LSM209:
 1426 0152 8091 E800 		lds r24,232
 1427 0156 877F      		andi r24,lo8(-9)
 1428 0158 8093 E800 		sts 232,r24
 1429               	.L107:
 1430               	.LBE419:
 1431               	.LBE418:
 1432               	.LBB420:
 1433               	.LBB421:
 1434               	.LSM210:
 1435 015c 8091 E800 		lds r24,232
 1436               	.LBE421:
 1437               	.LBE420:
 1438               	.LSM211:
 1439 0160 80FF      		sbrs r24,0
 1440 0162 00C0      		rjmp .L107
 1441               	.LSM212:
 1442 0164 8091 0000 		lds r24,keyboard_idle
 1443               	.LBB422:
 1444               	.LBB423:
 1445               	.LSM213:
 1446 0168 8093 F100 		sts 241,r24
 1447               	.LBE423:
 1448               	.LBE422:
 1449               	.LBB424:
 1450               	.LBB425:
 1451               	.LSM214:
 1452 016c 8091 E800 		lds r24,232
 1453 0170 8E77      		andi r24,lo8(126)
 1454 0172 8093 E800 		sts 232,r24
 1455               	.LBE425:
 1456               	.LBE424:
 1457               	.LSM215:
 1458 0176 0E94 0000 		call Endpoint_ClearStatusStage
 1459               	.L108:
 1460 017a 0895      		ret
 1461               	.LFE112:
 1463               		.section	.text.EVENT_USB_Device_ConfigurationChanged,"ax",@progbits
 1464               	.global	EVENT_USB_Device_ConfigurationChanged
 1466               	EVENT_USB_Device_ConfigurationChanged:
 1467               	.LFB111:
 1468               	.LSM216:
 1469               	/* prologue: function */
 1470               	/* frame size = 0 */
 1471               	.LBB426:
 1472               	.LBB427:
 1473               	.LSM217:
 1474 0000 81E0      		ldi r24,lo8(1)
 1475 0002 61EC      		ldi r22,lo8(-63)
 1476 0004 42E0      		ldi r20,lo8(2)
 1477 0006 0E94 0000 		call Endpoint_ConfigureEndpoint_Prv
 1478               	.LBE427:
 1479               	.LBE426:
 1480               	.LBB428:
 1481               	.LBB429:
 1482 000a 82E0      		ldi r24,lo8(2)
 1483 000c 61EC      		ldi r22,lo8(-63)
 1484 000e 42E0      		ldi r20,lo8(2)
 1485 0010 0E94 0000 		call Endpoint_ConfigureEndpoint_Prv
 1486               	.LBE429:
 1487               	.LBE428:
 1488               	.LBB430:
 1489               	.LBB431:
 1490 0014 83E0      		ldi r24,lo8(3)
 1491 0016 61EC      		ldi r22,lo8(-63)
 1492 0018 42E0      		ldi r20,lo8(2)
 1493 001a 0E94 0000 		call Endpoint_ConfigureEndpoint_Prv
 1494               	.LBE431:
 1495               	.LBE430:
 1496               	.LBB432:
 1497               	.LBB433:
 1498 001e 84E0      		ldi r24,lo8(4)
 1499 0020 61EC      		ldi r22,lo8(-63)
 1500 0022 42E2      		ldi r20,lo8(34)
 1501 0024 0E94 0000 		call Endpoint_ConfigureEndpoint_Prv
 1502               	.LBE433:
 1503               	.LBE432:
 1504               	.LBB434:
 1505               	.LBB435:
 1506 0028 85E0      		ldi r24,lo8(5)
 1507 002a 61EC      		ldi r22,lo8(-63)
 1508 002c 42E1      		ldi r20,lo8(18)
 1509 002e 0E94 0000 		call Endpoint_ConfigureEndpoint_Prv
 1510               	/* epilogue start */
 1511               	.LBE435:
 1512               	.LBE434:
 1513               	.LSM218:
 1514 0032 0895      		ret
 1515               	.LFE111:
 1517               	.global	keyboard_idle
 1518               		.section	.bss.keyboard_idle,"aw",@nobits
 1521               	keyboard_idle:
 1522 0000 00        		.skip 1,0
 1523               	.global	keyboard_protocol
 1524               		.section	.data.keyboard_protocol,"aw",@progbits
 1527               	keyboard_protocol:
 1528 0000 01        		.byte	1
 1529               	.global	lufa_driver
 1530               		.section	.data.lufa_driver,"aw",@progbits
 1533               	lufa_driver:
 1534 0000 0000      		.word	gs(keyboard_leds)
 1535 0002 0000      		.word	gs(send_keyboard)
 1536 0004 0000      		.word	gs(send_mouse)
 1537 0006 0000      		.word	gs(send_system)
 1538 0008 0000      		.word	gs(send_consumer)
 1539               		.section	.bss.keyboard_led_stats,"aw",@nobits
 1542               	keyboard_led_stats:
 1543 0000 00        		.skip 1,0
 1544               		.section	.progmem.data,"a",@progbits
 1547               	__c.5054:
 1548 0000 5B73 5D00 		.string	"[s]"
 1551               	__c.5052:
 1552 0004 4B65 7962 		.string	"Keyboard start.\n"
 1552      6F61 7264 
 1552      2073 7461 
 1552      7274 2E0A 
 1552      00
 1555               	__c.5050:
 1556 0015 5553 4220 		.string	"USB configured.\n"
 1556      636F 6E66 
 1556      6967 7572 
 1556      6564 2E0A 
 1556      00
 1557               		.section	.bss.console_flush,"aw",@nobits
 1560               	console_flush:
 1561 0000 00        		.skip 1,0
 1562               		.section	.bss.timeouted.5000,"aw",@nobits
 1565               	timeouted.5000:
 1566 0000 00        		.skip 1,0
 1567               		.section	.bss.count.4847,"aw",@nobits
 1570               	count.4847:
 1571 0000 00        		.skip 1,0
 1572               		.section	.progmem.data
 1575               	__c.4841:
 1576 0026 5B57 5D00 		.string	"[W]"
 1579               	__c.4837:
 1580 002a 5B53 5D00 		.string	"[S]"
 1583               	__c.4833:
 1584 002e 5B52 5D00 		.string	"[R]"
 1587               	__c.4828:
 1588 0032 5B44 5D00 		.string	"[D]"
 1591               	__c.4821:
 1592 0036 5B43 5D00 		.string	"[C]"
 1593               		.section	.bss.keyboard_report_sent,"aw",@nobits
 1596               	keyboard_report_sent:
 1597 0000 0000 0000 		.skip 16,0
 1597      0000 0000 
 1597      0000 0000 
 1597      0000 0000 
 1774               	.Letext0:
DEFINED SYMBOLS
                            *ABS*:00000000 lufa.c
C:\Users\owner\AppData\Local\Temp/ccQnW0ua.s:2      *ABS*:0000003f __SREG__
C:\Users\owner\AppData\Local\Temp/ccQnW0ua.s:3      *ABS*:0000003e __SP_H__
C:\Users\owner\AppData\Local\Temp/ccQnW0ua.s:4      *ABS*:0000003d __SP_L__
C:\Users\owner\AppData\Local\Temp/ccQnW0ua.s:5      *ABS*:00000034 __CCP__
C:\Users\owner\AppData\Local\Temp/ccQnW0ua.s:6      *ABS*:00000000 __tmp_reg__
C:\Users\owner\AppData\Local\Temp/ccQnW0ua.s:7      *ABS*:00000001 __zero_reg__
C:\Users\owner\AppData\Local\Temp/ccQnW0ua.s:19     .text.EVENT_USB_Device_StartOfFrame:00000000 EVENT_USB_Device_StartOfFrame
C:\Users\owner\AppData\Local\Temp/ccQnW0ua.s:1570   .bss.count.4847:00000000 count.4847
C:\Users\owner\AppData\Local\Temp/ccQnW0ua.s:1560   .bss.console_flush:00000000 console_flush
C:\Users\owner\AppData\Local\Temp/ccQnW0ua.s:146    .text.keyboard_leds:00000000 keyboard_leds
C:\Users\owner\AppData\Local\Temp/ccQnW0ua.s:1542   .bss.keyboard_led_stats:00000000 keyboard_led_stats
C:\Users\owner\AppData\Local\Temp/ccQnW0ua.s:160    .text.sendchar:00000000 sendchar
C:\Users\owner\AppData\Local\Temp/ccQnW0ua.s:1565   .bss.timeouted.5000:00000000 timeouted.5000
C:\Users\owner\AppData\Local\Temp/ccQnW0ua.s:394    .text.hook_early_init:00000000 hook_early_init
C:\Users\owner\AppData\Local\Temp/ccQnW0ua.s:407    .text.hook_late_init:00000000 hook_late_init
C:\Users\owner\AppData\Local\Temp/ccQnW0ua.s:420    .text.hook_usb_suspend_entry:00000000 hook_usb_suspend_entry
C:\Users\owner\AppData\Local\Temp/ccQnW0ua.s:432    .text.send_consumer:00000000 send_consumer
C:\Users\owner\AppData\Local\Temp/ccQnW0ua.s:541    .text.send_system:00000000 send_system
C:\Users\owner\AppData\Local\Temp/ccQnW0ua.s:650    .text.send_mouse:00000000 send_mouse
C:\Users\owner\AppData\Local\Temp/ccQnW0ua.s:740    .text.send_keyboard:00000000 send_keyboard
C:\Users\owner\AppData\Local\Temp/ccQnW0ua.s:1527   .data.keyboard_protocol:00000000 keyboard_protocol
C:\Users\owner\AppData\Local\Temp/ccQnW0ua.s:1596   .bss.keyboard_report_sent:00000000 keyboard_report_sent
C:\Users\owner\AppData\Local\Temp/ccQnW0ua.s:928    .text.hook_usb_wakeup:00000000 hook_usb_wakeup
C:\Users\owner\AppData\Local\Temp/ccQnW0ua.s:943    .text.hook_usb_suspend_loop:00000000 hook_usb_suspend_loop
C:\Users\owner\AppData\Local\Temp/ccQnW0ua.s:966    .text.EVENT_USB_Device_WakeUp:00000000 EVENT_USB_Device_WakeUp
C:\Users\owner\AppData\Local\Temp/ccQnW0ua.s:1575   .progmem.data:00000026 __c.4841
C:\Users\owner\AppData\Local\Temp/ccQnW0ua.s:985    .text.EVENT_USB_Device_Suspend:00000000 EVENT_USB_Device_Suspend
C:\Users\owner\AppData\Local\Temp/ccQnW0ua.s:1579   .progmem.data:0000002a __c.4837
C:\Users\owner\AppData\Local\Temp/ccQnW0ua.s:1004   .text.EVENT_USB_Device_Reset:00000000 EVENT_USB_Device_Reset
C:\Users\owner\AppData\Local\Temp/ccQnW0ua.s:1583   .progmem.data:0000002e __c.4833
C:\Users\owner\AppData\Local\Temp/ccQnW0ua.s:1021   .text.EVENT_USB_Device_Disconnect:00000000 EVENT_USB_Device_Disconnect
C:\Users\owner\AppData\Local\Temp/ccQnW0ua.s:1587   .progmem.data:00000032 __c.4828
C:\Users\owner\AppData\Local\Temp/ccQnW0ua.s:1040   .text.EVENT_USB_Device_Connect:00000000 EVENT_USB_Device_Connect
C:\Users\owner\AppData\Local\Temp/ccQnW0ua.s:1591   .progmem.data:00000036 __c.4821
C:\Users\owner\AppData\Local\Temp/ccQnW0ua.s:1076   .text.main:00000000 main
C:\Users\owner\AppData\Local\Temp/ccQnW0ua.s:1555   .progmem.data:00000015 __c.5050
C:\Users\owner\AppData\Local\Temp/ccQnW0ua.s:1533   .data.lufa_driver:00000000 lufa_driver
C:\Users\owner\AppData\Local\Temp/ccQnW0ua.s:1551   .progmem.data:00000004 __c.5052
C:\Users\owner\AppData\Local\Temp/ccQnW0ua.s:1547   .progmem.data:00000000 __c.5054
C:\Users\owner\AppData\Local\Temp/ccQnW0ua.s:1192   .text.EVENT_USB_Device_ControlRequest:00000000 EVENT_USB_Device_ControlRequest
C:\Users\owner\AppData\Local\Temp/ccQnW0ua.s:1521   .bss.keyboard_idle:00000000 keyboard_idle
C:\Users\owner\AppData\Local\Temp/ccQnW0ua.s:1466   .text.EVENT_USB_Device_ConfigurationChanged:00000000 EVENT_USB_Device_ConfigurationChanged

UNDEFINED SYMBOLS
__udivmodqi4
USB_DeviceState
Endpoint_Write_Stream_LE
keyboard_nkro
suspend_wakeup_init
suspend_power_down
USB_Device_RemoteWakeupEnabled
suspend_wakeup_condition
USB_Device_SendRemoteWakeup
xputs
USB_IsInitialized
USB_Disable
USB_Init
keyboard_setup
print_set_sendchar
keyboard_init
host_set_driver
keyboard_task
USB_ControlRequest
Endpoint_Write_Control_Stream_LE
Endpoint_ClearStatusStage
clear_keyboard
Endpoint_ConfigureEndpoint_Prv
__do_copy_data
__do_clear_bss
